mode: atomic
e-commerce/backend/internal/handler/address_handler.go:20.80,24.2 1 0
e-commerce/backend/internal/handler/address_handler.go:27.80,31.63 3 0
e-commerce/backend/internal/handler/address_handler.go:31.63,34.3 2 0
e-commerce/backend/internal/handler/address_handler.go:36.2,37.16 2 0
e-commerce/backend/internal/handler/address_handler.go:37.16,40.3 2 0
e-commerce/backend/internal/handler/address_handler.go:42.2,42.80 1 0
e-commerce/backend/internal/handler/address_handler.go:46.80,51.24 3 0
e-commerce/backend/internal/handler/address_handler.go:51.24,54.3 2 0
e-commerce/backend/internal/handler/address_handler.go:56.2,57.16 2 0
e-commerce/backend/internal/handler/address_handler.go:57.16,60.3 2 0
e-commerce/backend/internal/handler/address_handler.go:62.2,63.63 2 0
e-commerce/backend/internal/handler/address_handler.go:63.63,66.3 2 0
e-commerce/backend/internal/handler/address_handler.go:68.2,69.16 2 0
e-commerce/backend/internal/handler/address_handler.go:69.16,70.52 1 0
e-commerce/backend/internal/handler/address_handler.go:70.52,73.4 2 0
e-commerce/backend/internal/handler/address_handler.go:74.3,74.49 1 0
e-commerce/backend/internal/handler/address_handler.go:74.49,77.4 2 0
e-commerce/backend/internal/handler/address_handler.go:78.3,79.9 2 0
e-commerce/backend/internal/handler/address_handler.go:82.2,82.75 1 0
e-commerce/backend/internal/handler/address_handler.go:86.79,101.16 7 0
e-commerce/backend/internal/handler/address_handler.go:101.16,104.3 2 0
e-commerce/backend/internal/handler/address_handler.go:106.2,106.79 1 0
e-commerce/backend/internal/handler/address_handler.go:109.81,113.24 3 0
e-commerce/backend/internal/handler/address_handler.go:113.24,116.3 2 0
e-commerce/backend/internal/handler/address_handler.go:118.2,119.16 2 0
e-commerce/backend/internal/handler/address_handler.go:119.16,122.3 2 0
e-commerce/backend/internal/handler/address_handler.go:124.2,125.16 2 0
e-commerce/backend/internal/handler/address_handler.go:125.16,126.52 1 0
e-commerce/backend/internal/handler/address_handler.go:126.52,129.4 2 0
e-commerce/backend/internal/handler/address_handler.go:130.3,130.49 1 0
e-commerce/backend/internal/handler/address_handler.go:130.49,133.4 2 0
e-commerce/backend/internal/handler/address_handler.go:134.3,135.9 2 0
e-commerce/backend/internal/handler/address_handler.go:138.2,138.77 1 0
e-commerce/backend/internal/handler/address_handler.go:142.80,147.24 3 0
e-commerce/backend/internal/handler/address_handler.go:147.24,150.3 2 0
e-commerce/backend/internal/handler/address_handler.go:152.2,153.16 2 0
e-commerce/backend/internal/handler/address_handler.go:153.16,156.3 2 0
e-commerce/backend/internal/handler/address_handler.go:159.2,160.16 2 0
e-commerce/backend/internal/handler/address_handler.go:160.16,161.52 1 0
e-commerce/backend/internal/handler/address_handler.go:161.52,164.4 2 0
e-commerce/backend/internal/handler/address_handler.go:165.3,165.49 1 0
e-commerce/backend/internal/handler/address_handler.go:165.49,168.4 2 0
e-commerce/backend/internal/handler/address_handler.go:169.3,170.9 2 0
e-commerce/backend/internal/handler/address_handler.go:173.2,173.66 1 0
e-commerce/backend/internal/handler/address_handler.go:173.66,176.3 2 0
e-commerce/backend/internal/handler/address_handler.go:178.2,178.72 1 0
e-commerce/backend/internal/handler/auth_handler.go:17.68,21.2 1 2
e-commerce/backend/internal/handler/auth_handler.go:24.70,26.61 2 1
e-commerce/backend/internal/handler/auth_handler.go:26.61,29.3 2 0
e-commerce/backend/internal/handler/auth_handler.go:31.2,32.16 2 1
e-commerce/backend/internal/handler/auth_handler.go:32.16,35.3 2 0
e-commerce/backend/internal/handler/auth_handler.go:37.2,37.78 1 1
e-commerce/backend/internal/handler/auth_handler.go:41.70,44.61 2 2
e-commerce/backend/internal/handler/auth_handler.go:44.61,47.3 2 0
e-commerce/backend/internal/handler/auth_handler.go:50.2,54.16 4 2
e-commerce/backend/internal/handler/auth_handler.go:54.16,57.3 2 1
e-commerce/backend/internal/handler/auth_handler.go:59.2,59.61 1 1
e-commerce/backend/internal/handler/auth_handler.go:63.71,66.17 2 0
e-commerce/backend/internal/handler/auth_handler.go:66.17,69.3 2 0
e-commerce/backend/internal/handler/auth_handler.go:73.2,73.61 1 0
e-commerce/backend/internal/handler/auth_handler.go:77.71,79.61 2 0
e-commerce/backend/internal/handler/auth_handler.go:79.61,82.3 2 0
e-commerce/backend/internal/handler/auth_handler.go:84.2,85.16 2 0
e-commerce/backend/internal/handler/auth_handler.go:85.16,88.3 2 0
e-commerce/backend/internal/handler/auth_handler.go:90.2,90.73 1 0
e-commerce/backend/internal/handler/auth_handler.go:94.78,96.61 2 0
e-commerce/backend/internal/handler/auth_handler.go:96.61,99.3 2 0
e-commerce/backend/internal/handler/auth_handler.go:101.2,102.16 2 0
e-commerce/backend/internal/handler/auth_handler.go:102.16,105.3 2 0
e-commerce/backend/internal/handler/auth_handler.go:107.2,107.84 1 0
e-commerce/backend/internal/handler/auth_handler.go:111.77,113.61 2 0
e-commerce/backend/internal/handler/auth_handler.go:113.61,116.3 2 0
e-commerce/backend/internal/handler/auth_handler.go:118.2,119.16 2 0
e-commerce/backend/internal/handler/auth_handler.go:119.16,122.3 2 0
e-commerce/backend/internal/handler/auth_handler.go:124.2,124.71 1 0
e-commerce/backend/internal/handler/auth_handler.go:128.75,130.17 2 0
e-commerce/backend/internal/handler/auth_handler.go:130.17,133.3 2 0
e-commerce/backend/internal/handler/auth_handler.go:142.2,142.71 1 0
e-commerce/backend/internal/handler/auth_handler.go:146.82,151.61 2 0
e-commerce/backend/internal/handler/auth_handler.go:151.61,154.3 2 0
e-commerce/backend/internal/handler/auth_handler.go:156.2,156.21 1 0
e-commerce/backend/internal/handler/auth_handler.go:156.21,159.3 2 0
e-commerce/backend/internal/handler/auth_handler.go:168.2,168.80 1 0
e-commerce/backend/internal/handler/auth_handler.go:172.74,175.17 2 0
e-commerce/backend/internal/handler/auth_handler.go:175.17,178.3 2 0
e-commerce/backend/internal/handler/auth_handler.go:180.2,180.75 1 0
e-commerce/backend/internal/handler/auth_handler.go:184.78,186.17 2 0
e-commerce/backend/internal/handler/auth_handler.go:186.17,189.3 2 0
e-commerce/backend/internal/handler/auth_handler.go:191.2,196.61 2 0
e-commerce/backend/internal/handler/auth_handler.go:196.61,199.3 2 0
e-commerce/backend/internal/handler/auth_handler.go:201.2,201.52 1 0
e-commerce/backend/internal/handler/auth_handler.go:201.52,204.3 2 0
e-commerce/backend/internal/handler/auth_handler.go:213.2,213.73 1 0
e-commerce/backend/internal/handler/dashboard_handler.go:15.88,19.2 1 0
e-commerce/backend/internal/handler/dashboard_handler.go:22.86,27.16 4 0
e-commerce/backend/internal/handler/dashboard_handler.go:27.16,30.3 2 0
e-commerce/backend/internal/handler/dashboard_handler.go:32.2,32.84 1 0
e-commerce/backend/internal/handler/dashboard_handler.go:36.84,41.16 4 0
e-commerce/backend/internal/handler/dashboard_handler.go:41.16,44.3 2 0
e-commerce/backend/internal/handler/dashboard_handler.go:46.2,46.82 1 0
e-commerce/backend/internal/handler/dashboard_handler.go:50.82,54.16 3 0
e-commerce/backend/internal/handler/dashboard_handler.go:54.16,57.3 2 0
e-commerce/backend/internal/handler/dashboard_handler.go:59.2,59.80 1 0
e-commerce/backend/internal/handler/dashboard_handler.go:63.84,69.20 4 0
e-commerce/backend/internal/handler/dashboard_handler.go:69.20,71.37 2 0
e-commerce/backend/internal/handler/dashboard_handler.go:71.37,74.4 2 0
e-commerce/backend/internal/handler/dashboard_handler.go:75.3,75.22 1 0
e-commerce/backend/internal/handler/dashboard_handler.go:78.2,79.16 2 0
e-commerce/backend/internal/handler/dashboard_handler.go:79.16,82.3 2 0
e-commerce/backend/internal/handler/dashboard_handler.go:84.2,84.83 1 0
e-commerce/backend/internal/handler/dashboard_handler.go:88.83,94.20 4 0
e-commerce/backend/internal/handler/dashboard_handler.go:94.20,96.37 2 0
e-commerce/backend/internal/handler/dashboard_handler.go:96.37,99.4 2 0
e-commerce/backend/internal/handler/dashboard_handler.go:100.3,100.22 1 0
e-commerce/backend/internal/handler/dashboard_handler.go:103.2,104.16 2 0
e-commerce/backend/internal/handler/dashboard_handler.go:104.16,107.3 2 0
e-commerce/backend/internal/handler/dashboard_handler.go:109.2,109.84 1 0
e-commerce/backend/internal/handler/dashboard_handler.go:113.88,119.24 4 0
e-commerce/backend/internal/handler/dashboard_handler.go:119.24,121.40 2 0
e-commerce/backend/internal/handler/dashboard_handler.go:121.40,124.4 2 0
e-commerce/backend/internal/handler/dashboard_handler.go:125.3,125.30 1 0
e-commerce/backend/internal/handler/dashboard_handler.go:129.2,131.20 3 0
e-commerce/backend/internal/handler/dashboard_handler.go:131.20,133.37 2 0
e-commerce/backend/internal/handler/dashboard_handler.go:133.37,136.4 2 0
e-commerce/backend/internal/handler/dashboard_handler.go:137.3,137.22 1 0
e-commerce/backend/internal/handler/dashboard_handler.go:140.2,141.16 2 0
e-commerce/backend/internal/handler/dashboard_handler.go:141.16,144.3 2 0
e-commerce/backend/internal/handler/dashboard_handler.go:146.2,146.90 1 0
e-commerce/backend/internal/handler/dashboard_handler.go:150.86,156.19 4 0
e-commerce/backend/internal/handler/dashboard_handler.go:156.19,158.36 2 0
e-commerce/backend/internal/handler/dashboard_handler.go:158.36,161.4 2 0
e-commerce/backend/internal/handler/dashboard_handler.go:162.3,162.20 1 0
e-commerce/backend/internal/handler/dashboard_handler.go:165.2,166.16 2 0
e-commerce/backend/internal/handler/dashboard_handler.go:166.16,169.3 2 0
e-commerce/backend/internal/handler/dashboard_handler.go:171.2,171.88 1 0
e-commerce/backend/internal/handler/dashboard_handler.go:175.82,181.19 4 0
e-commerce/backend/internal/handler/dashboard_handler.go:181.19,183.36 2 0
e-commerce/backend/internal/handler/dashboard_handler.go:183.36,186.4 2 0
e-commerce/backend/internal/handler/dashboard_handler.go:187.3,187.20 1 0
e-commerce/backend/internal/handler/dashboard_handler.go:190.2,191.16 2 0
e-commerce/backend/internal/handler/dashboard_handler.go:191.16,194.3 2 0
e-commerce/backend/internal/handler/dashboard_handler.go:196.2,196.81 1 0
e-commerce/backend/internal/handler/dashboard_handler.go:200.84,204.16 3 0
e-commerce/backend/internal/handler/dashboard_handler.go:204.16,207.3 2 0
e-commerce/backend/internal/handler/dashboard_handler.go:209.2,209.83 1 0
e-commerce/backend/internal/handler/dashboard_handler.go:213.86,219.20 4 0
e-commerce/backend/internal/handler/dashboard_handler.go:219.20,221.37 2 0
e-commerce/backend/internal/handler/dashboard_handler.go:221.37,224.4 2 0
e-commerce/backend/internal/handler/dashboard_handler.go:225.3,225.22 1 0
e-commerce/backend/internal/handler/dashboard_handler.go:228.2,229.16 2 0
e-commerce/backend/internal/handler/dashboard_handler.go:229.16,232.3 2 0
e-commerce/backend/internal/handler/dashboard_handler.go:234.2,234.87 1 0
e-commerce/backend/internal/handler/health_handler.go:11.40,13.2 1 0
e-commerce/backend/internal/handler/health_handler.go:23.77,25.63 1 0
e-commerce/backend/internal/handler/health_handler.go:25.63,28.3 2 0
e-commerce/backend/internal/handler/health_handler.go:30.2,41.32 4 0
e-commerce/backend/internal/handler/health_handler.go:41.32,43.3 1 0
e-commerce/backend/internal/handler/health_handler.go:47.70,58.2 4 0
e-commerce/backend/internal/handler/order_handler.go:19.72,23.2 1 2
e-commerce/backend/internal/handler/order_handler.go:26.77,35.19 6 1
e-commerce/backend/internal/handler/order_handler.go:35.19,36.59 1 0
e-commerce/backend/internal/handler/order_handler.go:36.59,38.4 1 0
e-commerce/backend/internal/handler/order_handler.go:41.2,41.20 1 1
e-commerce/backend/internal/handler/order_handler.go:41.20,42.60 1 0
e-commerce/backend/internal/handler/order_handler.go:42.60,44.4 1 0
e-commerce/backend/internal/handler/order_handler.go:47.2,48.21 2 1
e-commerce/backend/internal/handler/order_handler.go:48.21,49.66 1 0
e-commerce/backend/internal/handler/order_handler.go:49.66,51.4 1 0
e-commerce/backend/internal/handler/order_handler.go:54.2,62.16 3 1
e-commerce/backend/internal/handler/order_handler.go:62.16,65.3 2 0
e-commerce/backend/internal/handler/order_handler.go:67.2,67.54 1 1
e-commerce/backend/internal/handler/order_handler.go:70.77,72.19 2 0
e-commerce/backend/internal/handler/order_handler.go:72.19,75.3 2 0
e-commerce/backend/internal/handler/order_handler.go:77.2,78.9 2 0
e-commerce/backend/internal/handler/order_handler.go:78.9,81.3 2 0
e-commerce/backend/internal/handler/order_handler.go:83.2,84.16 2 0
e-commerce/backend/internal/handler/order_handler.go:84.16,85.39 1 0
e-commerce/backend/internal/handler/order_handler.go:85.39,88.4 2 0
e-commerce/backend/internal/handler/order_handler.go:89.3,89.67 1 0
e-commerce/backend/internal/handler/order_handler.go:89.67,92.4 2 0
e-commerce/backend/internal/handler/order_handler.go:93.3,94.9 2 0
e-commerce/backend/internal/handler/order_handler.go:97.2,97.74 1 0
e-commerce/backend/internal/handler/order_handler.go:101.76,103.19 2 0
e-commerce/backend/internal/handler/order_handler.go:103.19,106.3 2 0
e-commerce/backend/internal/handler/order_handler.go:108.2,109.68 2 0
e-commerce/backend/internal/handler/order_handler.go:109.68,112.3 2 0
e-commerce/backend/internal/handler/order_handler.go:114.2,118.39 4 0
e-commerce/backend/internal/handler/order_handler.go:118.39,119.34 1 0
e-commerce/backend/internal/handler/order_handler.go:119.34,121.9 2 0
e-commerce/backend/internal/handler/order_handler.go:125.2,125.20 1 0
e-commerce/backend/internal/handler/order_handler.go:125.20,128.3 2 0
e-commerce/backend/internal/handler/order_handler.go:130.2,131.16 2 0
e-commerce/backend/internal/handler/order_handler.go:131.16,132.39 1 0
e-commerce/backend/internal/handler/order_handler.go:132.39,135.4 2 0
e-commerce/backend/internal/handler/order_handler.go:136.3,137.9 2 0
e-commerce/backend/internal/handler/order_handler.go:140.2,140.79 1 0
e-commerce/backend/internal/handler/order_handler.go:144.76,146.19 2 3
e-commerce/backend/internal/handler/order_handler.go:146.19,149.3 2 0
e-commerce/backend/internal/handler/order_handler.go:151.2,152.9 2 3
e-commerce/backend/internal/handler/order_handler.go:152.9,155.3 2 1
e-commerce/backend/internal/handler/order_handler.go:157.2,158.16 2 2
e-commerce/backend/internal/handler/order_handler.go:158.16,159.39 1 1
e-commerce/backend/internal/handler/order_handler.go:159.39,162.4 2 0
e-commerce/backend/internal/handler/order_handler.go:163.3,163.67 1 1
e-commerce/backend/internal/handler/order_handler.go:163.67,166.4 2 1
e-commerce/backend/internal/handler/order_handler.go:167.3,167.63 1 0
e-commerce/backend/internal/handler/order_handler.go:167.63,170.4 2 0
e-commerce/backend/internal/handler/order_handler.go:171.3,172.9 2 0
e-commerce/backend/internal/handler/order_handler.go:175.2,175.83 1 1
e-commerce/backend/internal/handler/order_handler.go:178.76,180.19 2 0
e-commerce/backend/internal/handler/order_handler.go:180.19,183.3 2 0
e-commerce/backend/internal/handler/order_handler.go:185.2,186.16 2 0
e-commerce/backend/internal/handler/order_handler.go:186.16,187.39 1 0
e-commerce/backend/internal/handler/order_handler.go:187.39,190.4 2 0
e-commerce/backend/internal/handler/order_handler.go:191.3,192.9 2 0
e-commerce/backend/internal/handler/order_handler.go:195.2,195.70 1 0
e-commerce/backend/internal/handler/payment_handler.go:19.80,23.2 1 0
e-commerce/backend/internal/handler/payment_handler.go:26.80,28.63 2 0
e-commerce/backend/internal/handler/payment_handler.go:28.63,31.3 2 0
e-commerce/backend/internal/handler/payment_handler.go:34.2,34.31 1 0
e-commerce/backend/internal/handler/payment_handler.go:34.31,37.3 2 0
e-commerce/backend/internal/handler/payment_handler.go:38.2,38.29 1 0
e-commerce/backend/internal/handler/payment_handler.go:38.29,41.3 2 0
e-commerce/backend/internal/handler/payment_handler.go:43.2,44.16 2 0
e-commerce/backend/internal/handler/payment_handler.go:44.16,46.40 2 0
e-commerce/backend/internal/handler/payment_handler.go:46.40,49.4 1 0
e-commerce/backend/internal/handler/payment_handler.go:50.3,50.74 1 0
e-commerce/backend/internal/handler/payment_handler.go:50.74,53.4 2 0
e-commerce/backend/internal/handler/payment_handler.go:54.3,55.9 2 0
e-commerce/backend/internal/handler/payment_handler.go:58.2,58.81 1 0
e-commerce/backend/internal/handler/payment_handler.go:62.81,71.19 6 0
e-commerce/backend/internal/handler/payment_handler.go:71.19,72.59 1 0
e-commerce/backend/internal/handler/payment_handler.go:72.59,74.4 1 0
e-commerce/backend/internal/handler/payment_handler.go:77.2,77.20 1 0
e-commerce/backend/internal/handler/payment_handler.go:77.20,78.60 1 0
e-commerce/backend/internal/handler/payment_handler.go:78.60,80.4 1 0
e-commerce/backend/internal/handler/payment_handler.go:83.2,91.16 3 0
e-commerce/backend/internal/handler/payment_handler.go:91.16,94.3 2 0
e-commerce/backend/internal/handler/payment_handler.go:96.2,96.80 1 0
e-commerce/backend/internal/handler/payment_handler.go:100.81,103.16 3 0
e-commerce/backend/internal/handler/payment_handler.go:103.16,106.3 2 0
e-commerce/backend/internal/handler/payment_handler.go:108.2,109.16 2 0
e-commerce/backend/internal/handler/payment_handler.go:109.16,110.80 1 0
e-commerce/backend/internal/handler/payment_handler.go:110.80,113.4 2 0
e-commerce/backend/internal/handler/payment_handler.go:114.3,114.45 1 0
e-commerce/backend/internal/handler/payment_handler.go:114.45,117.4 2 0
e-commerce/backend/internal/handler/payment_handler.go:118.3,119.9 2 0
e-commerce/backend/internal/handler/payment_handler.go:122.2,122.78 1 0
e-commerce/backend/internal/handler/payment_handler.go:126.80,129.16 3 0
e-commerce/backend/internal/handler/payment_handler.go:129.16,132.3 2 0
e-commerce/backend/internal/handler/payment_handler.go:134.2,135.63 2 0
e-commerce/backend/internal/handler/payment_handler.go:135.63,138.3 2 0
e-commerce/backend/internal/handler/payment_handler.go:141.2,146.39 4 0
e-commerce/backend/internal/handler/payment_handler.go:146.39,147.29 1 0
e-commerce/backend/internal/handler/payment_handler.go:147.29,149.9 2 0
e-commerce/backend/internal/handler/payment_handler.go:153.2,153.14 1 0
e-commerce/backend/internal/handler/payment_handler.go:153.14,156.3 2 0
e-commerce/backend/internal/handler/payment_handler.go:158.2,159.16 2 0
e-commerce/backend/internal/handler/payment_handler.go:159.16,161.70 2 0
e-commerce/backend/internal/handler/payment_handler.go:161.70,164.4 2 0
e-commerce/backend/internal/handler/payment_handler.go:165.3,165.72 1 0
e-commerce/backend/internal/handler/payment_handler.go:165.72,168.4 2 0
e-commerce/backend/internal/handler/payment_handler.go:169.3,169.52 1 0
e-commerce/backend/internal/handler/payment_handler.go:169.52,172.4 2 0
e-commerce/backend/internal/handler/payment_handler.go:173.3,174.9 2 0
e-commerce/backend/internal/handler/payment_handler.go:177.2,177.76 1 0
e-commerce/backend/internal/handler/payment_handler.go:181.80,184.16 3 0
e-commerce/backend/internal/handler/payment_handler.go:184.16,187.3 2 0
e-commerce/backend/internal/handler/payment_handler.go:189.2,190.16 2 0
e-commerce/backend/internal/handler/payment_handler.go:190.16,192.70 2 0
e-commerce/backend/internal/handler/payment_handler.go:192.70,195.4 2 0
e-commerce/backend/internal/handler/payment_handler.go:196.3,196.75 1 0
e-commerce/backend/internal/handler/payment_handler.go:196.75,199.4 2 0
e-commerce/backend/internal/handler/payment_handler.go:200.3,201.9 2 0
e-commerce/backend/internal/handler/payment_handler.go:204.2,204.72 1 0
e-commerce/backend/internal/handler/payment_method_handler.go:18.104,22.2 1 0
e-commerce/backend/internal/handler/payment_method_handler.go:25.93,34.19 6 0
e-commerce/backend/internal/handler/payment_method_handler.go:34.19,35.59 1 0
e-commerce/backend/internal/handler/payment_method_handler.go:35.59,37.4 1 0
e-commerce/backend/internal/handler/payment_method_handler.go:40.2,40.20 1 0
e-commerce/backend/internal/handler/payment_method_handler.go:40.20,41.60 1 0
e-commerce/backend/internal/handler/payment_method_handler.go:41.60,43.4 1 0
e-commerce/backend/internal/handler/payment_method_handler.go:46.2,53.16 3 0
e-commerce/backend/internal/handler/payment_method_handler.go:53.16,56.3 2 0
e-commerce/backend/internal/handler/payment_method_handler.go:58.2,58.93 1 0
e-commerce/backend/internal/handler/payment_method_handler.go:62.93,65.16 3 0
e-commerce/backend/internal/handler/payment_method_handler.go:65.16,68.3 2 0
e-commerce/backend/internal/handler/payment_method_handler.go:70.2,71.16 2 0
e-commerce/backend/internal/handler/payment_method_handler.go:71.16,72.94 1 0
e-commerce/backend/internal/handler/payment_method_handler.go:72.94,75.4 2 0
e-commerce/backend/internal/handler/payment_method_handler.go:76.3,77.9 2 0
e-commerce/backend/internal/handler/payment_method_handler.go:80.2,80.91 1 0
e-commerce/backend/internal/handler/payment_method_handler.go:84.92,87.16 2 0
e-commerce/backend/internal/handler/payment_method_handler.go:87.16,90.3 2 0
e-commerce/backend/internal/handler/payment_method_handler.go:92.2,96.64 4 0
e-commerce/backend/internal/handler/payment_method_handler.go:96.64,99.3 2 0
e-commerce/backend/internal/handler/payment_method_handler.go:101.2,102.16 2 0
e-commerce/backend/internal/handler/payment_method_handler.go:102.16,105.3 2 0
e-commerce/backend/internal/handler/payment_method_handler.go:106.2,115.16 4 0
e-commerce/backend/internal/handler/payment_method_handler.go:115.16,118.3 2 0
e-commerce/backend/internal/handler/payment_method_handler.go:120.2,120.94 1 0
e-commerce/backend/internal/handler/payment_method_handler.go:124.92,127.16 3 0
e-commerce/backend/internal/handler/payment_method_handler.go:127.16,130.3 2 0
e-commerce/backend/internal/handler/payment_method_handler.go:132.2,133.16 2 0
e-commerce/backend/internal/handler/payment_method_handler.go:133.16,136.3 2 0
e-commerce/backend/internal/handler/payment_method_handler.go:138.2,144.23 6 0
e-commerce/backend/internal/handler/payment_method_handler.go:144.23,146.17 2 0
e-commerce/backend/internal/handler/payment_method_handler.go:146.17,148.4 1 0
e-commerce/backend/internal/handler/payment_method_handler.go:151.2,161.16 4 0
e-commerce/backend/internal/handler/payment_method_handler.go:161.16,164.3 2 0
e-commerce/backend/internal/handler/payment_method_handler.go:166.2,167.16 2 0
e-commerce/backend/internal/handler/payment_method_handler.go:167.16,168.48 1 0
e-commerce/backend/internal/handler/payment_method_handler.go:168.48,171.4 2 0
e-commerce/backend/internal/handler/payment_method_handler.go:172.3,173.9 2 0
e-commerce/backend/internal/handler/payment_method_handler.go:176.2,176.89 1 0
e-commerce/backend/internal/handler/payment_method_handler.go:180.92,183.16 3 0
e-commerce/backend/internal/handler/payment_method_handler.go:183.16,186.3 2 0
e-commerce/backend/internal/handler/payment_method_handler.go:188.2,189.16 2 0
e-commerce/backend/internal/handler/payment_method_handler.go:189.16,190.94 1 0
e-commerce/backend/internal/handler/payment_method_handler.go:190.94,193.4 2 0
e-commerce/backend/internal/handler/payment_method_handler.go:194.3,195.9 2 0
e-commerce/backend/internal/handler/payment_method_handler.go:198.2,198.79 1 0
e-commerce/backend/internal/handler/product_handler.go:18.80,22.2 1 1
e-commerce/backend/internal/handler/product_handler.go:24.80,25.55 1 0
e-commerce/backend/internal/handler/product_handler.go:25.55,28.3 2 0
e-commerce/backend/internal/handler/product_handler.go:30.2,31.16 2 0
e-commerce/backend/internal/handler/product_handler.go:31.16,34.3 2 0
e-commerce/backend/internal/handler/product_handler.go:36.2,37.16 2 0
e-commerce/backend/internal/handler/product_handler.go:37.16,40.3 2 0
e-commerce/backend/internal/handler/product_handler.go:42.2,43.16 2 0
e-commerce/backend/internal/handler/product_handler.go:43.16,46.3 2 0
e-commerce/backend/internal/handler/product_handler.go:48.2,50.29 3 0
e-commerce/backend/internal/handler/product_handler.go:50.29,53.3 2 0
e-commerce/backend/internal/handler/product_handler.go:55.2,55.82 1 0
e-commerce/backend/internal/handler/product_handler.go:55.82,58.3 2 0
e-commerce/backend/internal/handler/product_handler.go:60.2,60.31 1 0
e-commerce/backend/internal/handler/product_handler.go:60.31,63.17 3 0
e-commerce/backend/internal/handler/product_handler.go:63.17,66.4 2 0
e-commerce/backend/internal/handler/product_handler.go:67.3,67.38 1 0
e-commerce/backend/internal/handler/product_handler.go:70.2,80.16 3 0
e-commerce/backend/internal/handler/product_handler.go:80.16,83.3 2 0
e-commerce/backend/internal/handler/product_handler.go:85.2,85.73 1 0
e-commerce/backend/internal/handler/product_handler.go:88.81,90.16 2 2
e-commerce/backend/internal/handler/product_handler.go:90.16,93.3 2 0
e-commerce/backend/internal/handler/product_handler.go:95.2,96.16 2 2
e-commerce/backend/internal/handler/product_handler.go:96.16,99.3 2 1
e-commerce/backend/internal/handler/product_handler.go:101.2,101.62 1 1
e-commerce/backend/internal/handler/product_handler.go:104.81,106.14 2 0
e-commerce/backend/internal/handler/product_handler.go:106.14,108.3 1 0
e-commerce/backend/internal/handler/product_handler.go:110.2,111.15 2 0
e-commerce/backend/internal/handler/product_handler.go:111.15,113.3 1 0
e-commerce/backend/internal/handler/product_handler.go:115.2,116.62 2 0
e-commerce/backend/internal/handler/product_handler.go:116.62,117.63 1 0
e-commerce/backend/internal/handler/product_handler.go:117.63,119.4 1 0
e-commerce/backend/internal/handler/product_handler.go:122.2,123.18 2 0
e-commerce/backend/internal/handler/product_handler.go:123.18,125.3 1 0
e-commerce/backend/internal/handler/product_handler.go:127.2,137.16 3 0
e-commerce/backend/internal/handler/product_handler.go:137.16,140.3 2 0
e-commerce/backend/internal/handler/product_handler.go:142.2,142.74 1 0
e-commerce/backend/internal/handler/product_handler.go:145.80,147.16 2 0
e-commerce/backend/internal/handler/product_handler.go:147.16,150.3 2 0
e-commerce/backend/internal/handler/product_handler.go:152.2,152.55 1 0
e-commerce/backend/internal/handler/product_handler.go:152.55,155.3 2 0
e-commerce/backend/internal/handler/product_handler.go:157.2,162.56 2 0
e-commerce/backend/internal/handler/product_handler.go:162.56,164.17 2 0
e-commerce/backend/internal/handler/product_handler.go:164.17,166.4 1 0
e-commerce/backend/internal/handler/product_handler.go:169.2,169.45 1 0
e-commerce/backend/internal/handler/product_handler.go:169.45,171.3 1 0
e-commerce/backend/internal/handler/product_handler.go:173.2,173.52 1 0
e-commerce/backend/internal/handler/product_handler.go:173.52,175.3 1 0
e-commerce/backend/internal/handler/product_handler.go:177.2,177.54 1 0
e-commerce/backend/internal/handler/product_handler.go:177.54,179.17 2 0
e-commerce/backend/internal/handler/product_handler.go:179.17,181.4 1 0
e-commerce/backend/internal/handler/product_handler.go:184.2,184.57 1 0
e-commerce/backend/internal/handler/product_handler.go:184.57,186.17 2 0
e-commerce/backend/internal/handler/product_handler.go:186.17,188.4 1 0
e-commerce/backend/internal/handler/product_handler.go:192.2,192.59 1 0
e-commerce/backend/internal/handler/product_handler.go:192.59,194.3 1 0
e-commerce/backend/internal/handler/product_handler.go:197.2,197.55 1 0
e-commerce/backend/internal/handler/product_handler.go:197.55,199.71 2 0
e-commerce/backend/internal/handler/product_handler.go:199.71,202.4 2 0
e-commerce/backend/internal/handler/product_handler.go:205.3,205.32 1 0
e-commerce/backend/internal/handler/product_handler.go:205.32,207.34 1 0
e-commerce/backend/internal/handler/product_handler.go:207.34,209.64 2 0
e-commerce/backend/internal/handler/product_handler.go:209.64,211.6 1 0
e-commerce/backend/internal/handler/product_handler.go:212.10,215.64 2 0
e-commerce/backend/internal/handler/product_handler.go:215.64,217.6 1 0
e-commerce/backend/internal/handler/product_handler.go:220.3,220.36 1 0
e-commerce/backend/internal/handler/product_handler.go:223.2,224.16 2 0
e-commerce/backend/internal/handler/product_handler.go:224.16,227.3 2 0
e-commerce/backend/internal/handler/product_handler.go:229.2,229.70 1 0
e-commerce/backend/internal/handler/product_handler.go:232.80,234.16 2 0
e-commerce/backend/internal/handler/product_handler.go:234.16,237.3 2 0
e-commerce/backend/internal/handler/product_handler.go:239.2,239.59 1 0
e-commerce/backend/internal/handler/product_handler.go:239.59,242.3 2 0
e-commerce/backend/internal/handler/product_handler.go:244.2,244.66 1 0
e-commerce/backend/internal/handler/product_handler.go:247.82,249.16 2 0
e-commerce/backend/internal/handler/product_handler.go:249.16,252.3 2 0
e-commerce/backend/internal/handler/product_handler.go:254.2,254.55 1 0
e-commerce/backend/internal/handler/product_handler.go:254.55,257.3 2 0
e-commerce/backend/internal/handler/product_handler.go:259.2,260.16 2 0
e-commerce/backend/internal/handler/product_handler.go:260.16,263.3 2 0
e-commerce/backend/internal/handler/product_handler.go:265.2,267.21 3 0
e-commerce/backend/internal/handler/product_handler.go:267.21,270.3 2 0
e-commerce/backend/internal/handler/product_handler.go:272.2,272.66 1 0
e-commerce/backend/internal/handler/product_handler.go:272.66,275.3 2 0
e-commerce/backend/internal/handler/product_handler.go:277.2,285.16 3 0
e-commerce/backend/internal/handler/product_handler.go:285.16,288.3 2 0
e-commerce/backend/internal/handler/product_handler.go:290.2,290.80 1 0
e-commerce/backend/internal/handler/product_handler.go:294.88,302.2 3 1
e-commerce/backend/internal/handler/product_handler.go:304.79,313.16 4 1
e-commerce/backend/internal/handler/product_handler.go:313.16,315.3 1 1
e-commerce/backend/internal/handler/product_handler.go:317.2,317.37 1 1
e-commerce/backend/internal/handler/role_handler.go:19.68,23.2 1 0
e-commerce/backend/internal/handler/role_handler.go:26.75,28.16 2 0
e-commerce/backend/internal/handler/role_handler.go:28.16,31.3 2 0
e-commerce/backend/internal/handler/role_handler.go:33.2,33.74 1 0
e-commerce/backend/internal/handler/role_handler.go:37.75,40.16 3 0
e-commerce/backend/internal/handler/role_handler.go:40.16,43.3 2 0
e-commerce/backend/internal/handler/role_handler.go:45.2,46.16 2 0
e-commerce/backend/internal/handler/role_handler.go:46.16,47.38 1 0
e-commerce/backend/internal/handler/role_handler.go:47.38,50.4 2 0
e-commerce/backend/internal/handler/role_handler.go:51.3,52.9 2 0
e-commerce/backend/internal/handler/role_handler.go:55.2,55.72 1 0
e-commerce/backend/internal/handler/role_handler.go:59.74,61.63 2 0
e-commerce/backend/internal/handler/role_handler.go:61.63,64.3 2 0
e-commerce/backend/internal/handler/role_handler.go:66.2,66.22 1 0
e-commerce/backend/internal/handler/role_handler.go:66.22,69.3 2 0
e-commerce/backend/internal/handler/role_handler.go:71.2,72.16 2 0
e-commerce/backend/internal/handler/role_handler.go:72.16,73.58 1 0
e-commerce/backend/internal/handler/role_handler.go:73.58,76.4 2 0
e-commerce/backend/internal/handler/role_handler.go:77.3,78.9 2 0
e-commerce/backend/internal/handler/role_handler.go:81.2,81.75 1 0
e-commerce/backend/internal/handler/role_handler.go:85.74,88.16 3 0
e-commerce/backend/internal/handler/role_handler.go:88.16,91.3 2 0
e-commerce/backend/internal/handler/role_handler.go:93.2,94.63 2 0
e-commerce/backend/internal/handler/role_handler.go:94.63,97.3 2 0
e-commerce/backend/internal/handler/role_handler.go:99.2,100.16 2 0
e-commerce/backend/internal/handler/role_handler.go:100.16,101.38 1 0
e-commerce/backend/internal/handler/role_handler.go:101.38,104.4 2 0
e-commerce/backend/internal/handler/role_handler.go:105.3,105.54 1 0
e-commerce/backend/internal/handler/role_handler.go:105.54,108.4 2 0
e-commerce/backend/internal/handler/role_handler.go:109.3,110.9 2 0
e-commerce/backend/internal/handler/role_handler.go:113.2,113.70 1 0
e-commerce/backend/internal/handler/role_handler.go:117.74,120.16 3 0
e-commerce/backend/internal/handler/role_handler.go:120.16,123.3 2 0
e-commerce/backend/internal/handler/role_handler.go:125.2,126.16 2 0
e-commerce/backend/internal/handler/role_handler.go:126.16,127.38 1 0
e-commerce/backend/internal/handler/role_handler.go:127.38,130.4 2 0
e-commerce/backend/internal/handler/role_handler.go:131.3,131.114 1 0
e-commerce/backend/internal/handler/role_handler.go:131.114,134.4 2 0
e-commerce/backend/internal/handler/role_handler.go:135.3,136.9 2 0
e-commerce/backend/internal/handler/role_handler.go:139.2,139.69 1 0
e-commerce/backend/internal/handler/role_handler.go:143.81,145.16 2 0
e-commerce/backend/internal/handler/role_handler.go:145.16,148.3 2 0
e-commerce/backend/internal/handler/role_handler.go:150.2,150.86 1 0
e-commerce/backend/internal/handler/role_handler.go:154.82,157.16 3 0
e-commerce/backend/internal/handler/role_handler.go:157.16,160.3 2 0
e-commerce/backend/internal/handler/role_handler.go:162.2,163.16 2 0
e-commerce/backend/internal/handler/role_handler.go:163.16,164.38 1 0
e-commerce/backend/internal/handler/role_handler.go:164.38,167.4 2 0
e-commerce/backend/internal/handler/role_handler.go:168.3,169.9 2 0
e-commerce/backend/internal/handler/role_handler.go:172.2,172.91 1 0
e-commerce/backend/internal/handler/role_handler.go:176.81,179.16 3 0
e-commerce/backend/internal/handler/role_handler.go:179.16,182.3 2 0
e-commerce/backend/internal/handler/role_handler.go:184.2,187.63 2 0
e-commerce/backend/internal/handler/role_handler.go:187.63,190.3 2 0
e-commerce/backend/internal/handler/role_handler.go:192.2,192.35 1 0
e-commerce/backend/internal/handler/role_handler.go:192.35,195.3 2 0
e-commerce/backend/internal/handler/role_handler.go:197.2,198.16 2 0
e-commerce/backend/internal/handler/role_handler.go:198.16,199.38 1 0
e-commerce/backend/internal/handler/role_handler.go:199.38,202.4 2 0
e-commerce/backend/internal/handler/role_handler.go:203.3,203.50 1 0
e-commerce/backend/internal/handler/role_handler.go:203.50,206.4 2 0
e-commerce/backend/internal/handler/role_handler.go:207.3,208.9 2 0
e-commerce/backend/internal/handler/role_handler.go:211.2,211.77 1 0
e-commerce/backend/internal/handler/shipping_handler.go:19.84,23.2 1 0
e-commerce/backend/internal/handler/shipping_handler.go:26.82,36.19 7 0
e-commerce/backend/internal/handler/shipping_handler.go:36.19,37.59 1 0
e-commerce/backend/internal/handler/shipping_handler.go:37.59,39.4 1 0
e-commerce/backend/internal/handler/shipping_handler.go:42.2,42.20 1 0
e-commerce/backend/internal/handler/shipping_handler.go:42.20,43.60 1 0
e-commerce/backend/internal/handler/shipping_handler.go:43.60,45.4 1 0
e-commerce/backend/internal/handler/shipping_handler.go:48.2,56.16 3 0
e-commerce/backend/internal/handler/shipping_handler.go:56.16,59.3 2 0
e-commerce/backend/internal/handler/shipping_handler.go:61.2,61.89 1 0
e-commerce/backend/internal/handler/shipping_handler.go:65.83,68.16 3 0
e-commerce/backend/internal/handler/shipping_handler.go:68.16,71.3 2 0
e-commerce/backend/internal/handler/shipping_handler.go:73.2,74.16 2 0
e-commerce/backend/internal/handler/shipping_handler.go:74.16,75.43 1 0
e-commerce/backend/internal/handler/shipping_handler.go:75.43,78.4 2 0
e-commerce/backend/internal/handler/shipping_handler.go:79.3,80.9 2 0
e-commerce/backend/internal/handler/shipping_handler.go:83.2,83.87 1 0
e-commerce/backend/internal/handler/shipping_handler.go:87.82,89.63 2 0
e-commerce/backend/internal/handler/shipping_handler.go:89.63,92.3 2 0
e-commerce/backend/internal/handler/shipping_handler.go:94.2,94.58 1 0
e-commerce/backend/internal/handler/shipping_handler.go:94.58,97.3 2 0
e-commerce/backend/internal/handler/shipping_handler.go:99.2,100.16 2 0
e-commerce/backend/internal/handler/shipping_handler.go:100.16,103.3 2 0
e-commerce/backend/internal/handler/shipping_handler.go:105.2,105.90 1 0
e-commerce/backend/internal/handler/shipping_handler.go:109.82,112.16 3 0
e-commerce/backend/internal/handler/shipping_handler.go:112.16,115.3 2 0
e-commerce/backend/internal/handler/shipping_handler.go:117.2,118.63 2 0
e-commerce/backend/internal/handler/shipping_handler.go:118.63,121.3 2 0
e-commerce/backend/internal/handler/shipping_handler.go:123.2,125.58 2 0
e-commerce/backend/internal/handler/shipping_handler.go:125.58,128.3 2 0
e-commerce/backend/internal/handler/shipping_handler.go:130.2,131.16 2 0
e-commerce/backend/internal/handler/shipping_handler.go:131.16,132.43 1 0
e-commerce/backend/internal/handler/shipping_handler.go:132.43,135.4 2 0
e-commerce/backend/internal/handler/shipping_handler.go:136.3,137.9 2 0
e-commerce/backend/internal/handler/shipping_handler.go:140.2,140.85 1 0
e-commerce/backend/internal/handler/shipping_handler.go:144.82,147.16 3 0
e-commerce/backend/internal/handler/shipping_handler.go:147.16,150.3 2 0
e-commerce/backend/internal/handler/shipping_handler.go:152.2,153.16 2 0
e-commerce/backend/internal/handler/shipping_handler.go:153.16,154.43 1 0
e-commerce/backend/internal/handler/shipping_handler.go:154.43,157.4 2 0
e-commerce/backend/internal/handler/shipping_handler.go:158.3,159.9 2 0
e-commerce/backend/internal/handler/shipping_handler.go:162.2,162.80 1 0
e-commerce/backend/internal/handler/transaction_handler.go:19.96,23.2 1 2
e-commerce/backend/internal/handler/transaction_handler.go:26.88,28.63 2 2
e-commerce/backend/internal/handler/transaction_handler.go:28.63,31.3 2 0
e-commerce/backend/internal/handler/transaction_handler.go:34.2,34.26 1 2
e-commerce/backend/internal/handler/transaction_handler.go:34.26,37.3 2 1
e-commerce/backend/internal/handler/transaction_handler.go:38.2,38.27 1 1
e-commerce/backend/internal/handler/transaction_handler.go:38.27,41.3 2 0
e-commerce/backend/internal/handler/transaction_handler.go:42.2,42.32 1 1
e-commerce/backend/internal/handler/transaction_handler.go:42.32,45.3 2 0
e-commerce/backend/internal/handler/transaction_handler.go:46.2,46.35 1 1
e-commerce/backend/internal/handler/transaction_handler.go:46.35,49.3 2 0
e-commerce/backend/internal/handler/transaction_handler.go:52.2,56.16 3 1
e-commerce/backend/internal/handler/transaction_handler.go:56.16,59.36 2 0
e-commerce/backend/internal/handler/transaction_handler.go:59.36,62.4 2 0
e-commerce/backend/internal/handler/transaction_handler.go:63.3,63.45 1 0
e-commerce/backend/internal/handler/transaction_handler.go:63.45,66.4 2 0
e-commerce/backend/internal/handler/transaction_handler.go:67.3,67.43 1 0
e-commerce/backend/internal/handler/transaction_handler.go:67.43,70.4 2 0
e-commerce/backend/internal/handler/transaction_handler.go:71.3,72.9 2 0
e-commerce/backend/internal/handler/transaction_handler.go:75.2,75.89 1 1
e-commerce/backend/internal/handler/transaction_handler.go:79.89,90.19 7 0
e-commerce/backend/internal/handler/transaction_handler.go:90.19,91.59 1 0
e-commerce/backend/internal/handler/transaction_handler.go:91.59,93.4 1 0
e-commerce/backend/internal/handler/transaction_handler.go:96.2,96.20 1 0
e-commerce/backend/internal/handler/transaction_handler.go:96.20,97.60 1 0
e-commerce/backend/internal/handler/transaction_handler.go:97.60,99.4 1 0
e-commerce/backend/internal/handler/transaction_handler.go:102.2,110.16 3 0
e-commerce/backend/internal/handler/transaction_handler.go:110.16,113.3 2 0
e-commerce/backend/internal/handler/transaction_handler.go:115.2,115.88 1 0
e-commerce/backend/internal/handler/transaction_handler.go:119.89,121.16 2 2
e-commerce/backend/internal/handler/transaction_handler.go:121.16,124.3 2 0
e-commerce/backend/internal/handler/transaction_handler.go:126.2,127.16 2 2
e-commerce/backend/internal/handler/transaction_handler.go:127.16,128.45 1 1
e-commerce/backend/internal/handler/transaction_handler.go:128.45,131.4 2 1
e-commerce/backend/internal/handler/transaction_handler.go:132.3,133.9 2 0
e-commerce/backend/internal/handler/transaction_handler.go:136.2,136.86 1 1
e-commerce/backend/internal/handler/transaction_handler.go:140.88,142.16 2 0
e-commerce/backend/internal/handler/transaction_handler.go:142.16,145.3 2 0
e-commerce/backend/internal/handler/transaction_handler.go:147.2,148.63 2 0
e-commerce/backend/internal/handler/transaction_handler.go:148.63,151.3 2 0
e-commerce/backend/internal/handler/transaction_handler.go:154.2,159.39 4 0
e-commerce/backend/internal/handler/transaction_handler.go:159.39,160.29 1 0
e-commerce/backend/internal/handler/transaction_handler.go:160.29,162.9 2 0
e-commerce/backend/internal/handler/transaction_handler.go:166.2,166.14 1 0
e-commerce/backend/internal/handler/transaction_handler.go:166.14,169.3 2 0
e-commerce/backend/internal/handler/transaction_handler.go:171.2,172.16 2 0
e-commerce/backend/internal/handler/transaction_handler.go:172.16,173.45 1 0
e-commerce/backend/internal/handler/transaction_handler.go:173.45,176.4 2 0
e-commerce/backend/internal/handler/transaction_handler.go:177.3,177.49 1 0
e-commerce/backend/internal/handler/transaction_handler.go:177.49,180.4 2 0
e-commerce/backend/internal/handler/transaction_handler.go:181.3,182.9 2 0
e-commerce/backend/internal/handler/transaction_handler.go:185.2,185.84 1 0
e-commerce/backend/internal/handler/transaction_handler.go:189.38,192.2 1 0
e-commerce/backend/internal/handler/transaction_handler.go:194.36,195.43 1 0
e-commerce/backend/internal/handler/transaction_handler.go:195.43,196.35 1 0
e-commerce/backend/internal/handler/transaction_handler.go:196.35,198.4 1 0
e-commerce/backend/internal/handler/transaction_handler.go:200.2,200.11 1 0
e-commerce/backend/internal/handler/user_handler.go:18.68,22.2 1 8
e-commerce/backend/internal/handler/user_handler.go:25.72,28.15 2 2
e-commerce/backend/internal/handler/user_handler.go:28.15,30.3 1 1
e-commerce/backend/internal/handler/user_handler.go:32.2,33.16 2 2
e-commerce/backend/internal/handler/user_handler.go:33.16,35.3 1 1
e-commerce/backend/internal/handler/user_handler.go:37.2,43.16 3 2
e-commerce/backend/internal/handler/user_handler.go:43.16,46.3 2 0
e-commerce/backend/internal/handler/user_handler.go:48.2,48.74 1 2
e-commerce/backend/internal/handler/user_handler.go:52.75,54.27 2 3
e-commerce/backend/internal/handler/user_handler.go:54.27,57.3 2 1
e-commerce/backend/internal/handler/user_handler.go:59.2,60.16 2 2
e-commerce/backend/internal/handler/user_handler.go:60.16,63.3 2 1
e-commerce/backend/internal/handler/user_handler.go:65.2,65.72 1 1
e-commerce/backend/internal/handler/user_handler.go:69.78,72.17 2 0
e-commerce/backend/internal/handler/user_handler.go:72.17,75.3 2 0
e-commerce/backend/internal/handler/user_handler.go:77.2,78.16 2 0
e-commerce/backend/internal/handler/user_handler.go:78.16,81.3 2 0
e-commerce/backend/internal/handler/user_handler.go:83.2,83.80 1 0
e-commerce/backend/internal/handler/user_handler.go:87.74,89.61 2 2
e-commerce/backend/internal/handler/user_handler.go:89.61,92.3 2 0
e-commerce/backend/internal/handler/user_handler.go:94.2,95.16 2 2
e-commerce/backend/internal/handler/user_handler.go:95.16,98.3 2 1
e-commerce/backend/internal/handler/user_handler.go:100.2,100.75 1 1
e-commerce/backend/internal/handler/user_handler.go:104.74,106.27 2 2
e-commerce/backend/internal/handler/user_handler.go:106.27,109.3 2 0
e-commerce/backend/internal/handler/user_handler.go:111.2,112.61 2 2
e-commerce/backend/internal/handler/user_handler.go:112.61,115.3 2 0
e-commerce/backend/internal/handler/user_handler.go:117.2,118.16 2 2
e-commerce/backend/internal/handler/user_handler.go:118.16,121.3 2 1
e-commerce/backend/internal/handler/user_handler.go:123.2,123.70 1 1
e-commerce/backend/internal/handler/user_handler.go:127.74,129.27 2 3
e-commerce/backend/internal/handler/user_handler.go:129.27,132.3 2 1
e-commerce/backend/internal/handler/user_handler.go:134.2,135.16 2 2
e-commerce/backend/internal/handler/user_handler.go:135.16,138.3 2 1
e-commerce/backend/internal/handler/user_handler.go:140.2,140.69 1 1
e-commerce/backend/internal/handler/user_handler.go:144.76,146.27 2 2
e-commerce/backend/internal/handler/user_handler.go:146.27,149.3 2 0
e-commerce/backend/internal/handler/user_handler.go:151.2,152.16 2 2
e-commerce/backend/internal/handler/user_handler.go:152.16,155.3 2 1
e-commerce/backend/internal/handler/user_handler.go:157.2,157.72 1 1
e-commerce/backend/internal/handler/user_handler.go:161.78,163.27 2 1
e-commerce/backend/internal/handler/user_handler.go:163.27,166.3 2 0
e-commerce/backend/internal/handler/user_handler.go:168.2,169.16 2 1
e-commerce/backend/internal/handler/user_handler.go:169.16,172.3 2 0
e-commerce/backend/internal/handler/user_handler.go:174.2,174.74 1 1
e-commerce/backend/internal/handler/user_handler.go:178.79,181.61 2 2
e-commerce/backend/internal/handler/user_handler.go:181.61,184.3 2 0
e-commerce/backend/internal/handler/user_handler.go:186.2,186.60 1 2
e-commerce/backend/internal/handler/user_handler.go:186.60,189.3 2 1
e-commerce/backend/internal/handler/user_handler.go:191.2,191.78 1 1
e-commerce/backend/internal/handler/user_handler.go:195.78,197.27 2 0
e-commerce/backend/internal/handler/user_handler.go:197.27,200.3 2 0
e-commerce/backend/internal/handler/user_handler.go:202.2,203.61 2 0
e-commerce/backend/internal/handler/user_handler.go:203.61,206.3 2 0
e-commerce/backend/internal/handler/user_handler.go:208.2,209.16 2 0
e-commerce/backend/internal/handler/user_handler.go:209.16,212.3 2 0
e-commerce/backend/internal/handler/user_handler.go:214.2,214.73 1 0
e-commerce/backend/internal/handler/user_handler.go:218.89,221.17 2 0
e-commerce/backend/internal/handler/user_handler.go:221.17,224.3 2 0
e-commerce/backend/internal/handler/user_handler.go:226.2,227.61 2 0
e-commerce/backend/internal/handler/user_handler.go:227.61,230.3 2 0
e-commerce/backend/internal/handler/user_handler.go:232.2,233.16 2 0
e-commerce/backend/internal/handler/user_handler.go:233.16,236.3 2 0
e-commerce/backend/internal/handler/user_handler.go:238.2,238.73 1 0
e-commerce/backend/internal/services/address_service.go:25.119,27.57 2 0
e-commerce/backend/internal/services/address_service.go:27.57,29.17 2 0
e-commerce/backend/internal/services/address_service.go:29.17,30.46 1 0
e-commerce/backend/internal/services/address_service.go:30.46,32.5 1 0
e-commerce/backend/internal/services/address_service.go:33.4,33.14 1 0
e-commerce/backend/internal/services/address_service.go:36.3,52.13 4 0
e-commerce/backend/internal/services/address_service.go:55.2,55.16 1 0
e-commerce/backend/internal/services/address_service.go:55.16,57.3 1 0
e-commerce/backend/internal/services/address_service.go:58.2,58.21 1 0
e-commerce/backend/internal/services/address_service.go:62.60,64.16 2 0
e-commerce/backend/internal/services/address_service.go:64.16,65.45 1 0
e-commerce/backend/internal/services/address_service.go:65.45,67.4 1 0
e-commerce/backend/internal/services/address_service.go:68.3,68.13 1 0
e-commerce/backend/internal/services/address_service.go:71.2,73.16 2 0
e-commerce/backend/internal/services/address_service.go:73.16,75.3 1 0
e-commerce/backend/internal/services/address_service.go:76.2,76.12 1 0
e-commerce/backend/internal/services/address_service.go:80.115,81.21 1 0
e-commerce/backend/internal/services/address_service.go:81.21,83.3 1 0
e-commerce/backend/internal/services/address_service.go:84.2,84.22 1 0
e-commerce/backend/internal/services/address_service.go:84.22,86.3 1 0
e-commerce/backend/internal/services/address_service.go:87.2,88.16 2 0
e-commerce/backend/internal/services/address_service.go:88.16,90.3 1 0
e-commerce/backend/internal/services/address_service.go:92.2,93.16 2 0
e-commerce/backend/internal/services/address_service.go:93.16,95.3 1 0
e-commerce/backend/internal/services/address_service.go:97.2,98.33 2 0
e-commerce/backend/internal/services/address_service.go:98.33,100.3 1 0
e-commerce/backend/internal/services/address_service.go:101.2,109.8 2 0
e-commerce/backend/internal/services/address_service.go:112.90,114.16 2 0
e-commerce/backend/internal/services/address_service.go:114.16,115.45 1 0
e-commerce/backend/internal/services/address_service.go:115.45,117.4 1 0
e-commerce/backend/internal/services/address_service.go:118.3,118.18 1 0
e-commerce/backend/internal/services/address_service.go:121.2,121.30 1 0
e-commerce/backend/internal/services/address_service.go:121.30,123.3 1 0
e-commerce/backend/internal/services/address_service.go:125.2,125.41 1 0
e-commerce/backend/internal/services/address_service.go:129.123,132.57 2 0
e-commerce/backend/internal/services/address_service.go:132.57,135.17 2 0
e-commerce/backend/internal/services/address_service.go:135.17,136.46 1 0
e-commerce/backend/internal/services/address_service.go:136.46,138.5 1 0
e-commerce/backend/internal/services/address_service.go:139.4,139.14 1 0
e-commerce/backend/internal/services/address_service.go:142.3,142.31 1 0
e-commerce/backend/internal/services/address_service.go:142.31,144.4 1 0
e-commerce/backend/internal/services/address_service.go:146.3,160.17 3 0
e-commerce/backend/internal/services/address_service.go:160.17,162.4 1 0
e-commerce/backend/internal/services/address_service.go:164.3,166.13 2 0
e-commerce/backend/internal/services/address_service.go:169.2,169.16 1 0
e-commerce/backend/internal/services/address_service.go:169.16,171.3 1 0
e-commerce/backend/internal/services/address_service.go:172.2,172.21 1 0
e-commerce/backend/internal/services/address_service.go:176.53,178.2 1 0
e-commerce/backend/internal/services/auth_service.go:34.99,36.16 2 1
e-commerce/backend/internal/services/auth_service.go:36.16,38.3 1 0
e-commerce/backend/internal/services/auth_service.go:40.2,41.16 2 1
e-commerce/backend/internal/services/auth_service.go:41.16,43.3 1 0
e-commerce/backend/internal/services/auth_service.go:45.2,50.8 1 1
e-commerce/backend/internal/services/auth_service.go:54.92,57.16 2 0
e-commerce/backend/internal/services/auth_service.go:57.16,59.3 1 0
e-commerce/backend/internal/services/auth_service.go:61.2,62.44 2 0
e-commerce/backend/internal/services/auth_service.go:62.44,64.3 1 0
e-commerce/backend/internal/services/auth_service.go:65.2,74.16 4 0
e-commerce/backend/internal/services/auth_service.go:74.16,76.3 1 0
e-commerce/backend/internal/services/auth_service.go:82.2,82.22 1 0
e-commerce/backend/internal/services/auth_service.go:86.103,88.16 2 0
e-commerce/backend/internal/services/auth_service.go:88.16,90.3 1 0
e-commerce/backend/internal/services/auth_service.go:92.2,93.16 2 0
e-commerce/backend/internal/services/auth_service.go:93.16,95.3 1 0
e-commerce/backend/internal/services/auth_service.go:97.2,97.20 1 0
e-commerce/backend/internal/services/auth_service.go:97.20,99.3 1 0
e-commerce/backend/internal/services/auth_service.go:101.2,101.39 1 0
e-commerce/backend/internal/services/auth_service.go:105.80,108.16 2 0
e-commerce/backend/internal/services/auth_service.go:108.16,110.3 1 0
e-commerce/backend/internal/services/auth_service.go:112.2,113.74 2 0
e-commerce/backend/internal/services/auth_service.go:113.74,115.3 1 0
e-commerce/backend/internal/services/auth_service.go:117.2,118.16 2 0
e-commerce/backend/internal/services/auth_service.go:118.16,120.3 1 0
e-commerce/backend/internal/services/auth_service.go:122.2,124.16 3 0
e-commerce/backend/internal/services/auth_service.go:124.16,126.3 1 0
e-commerce/backend/internal/services/auth_service.go:128.2,130.16 2 0
e-commerce/backend/internal/services/auth_service.go:130.16,132.3 1 0
e-commerce/backend/internal/services/auth_service.go:134.2,134.12 1 0
e-commerce/backend/internal/services/auth_service.go:138.119,142.57 2 1
e-commerce/backend/internal/services/auth_service.go:142.57,146.17 3 1
e-commerce/backend/internal/services/auth_service.go:146.17,147.46 1 0
e-commerce/backend/internal/services/auth_service.go:147.46,149.5 1 0
e-commerce/backend/internal/services/auth_service.go:150.4,150.14 1 0
e-commerce/backend/internal/services/auth_service.go:153.3,153.25 1 0
e-commerce/backend/internal/services/auth_service.go:153.25,156.4 2 0
e-commerce/backend/internal/services/auth_service.go:158.3,158.27 1 0
e-commerce/backend/internal/services/auth_service.go:158.27,160.4 1 0
e-commerce/backend/internal/services/auth_service.go:162.3,162.84 1 0
e-commerce/backend/internal/services/auth_service.go:162.84,164.4 1 0
e-commerce/backend/internal/services/auth_service.go:166.3,169.52 3 0
e-commerce/backend/internal/services/auth_service.go:169.52,171.4 1 0
e-commerce/backend/internal/services/auth_service.go:173.3,182.70 2 0
e-commerce/backend/internal/services/auth_service.go:182.70,184.4 1 0
e-commerce/backend/internal/services/auth_service.go:186.3,186.13 1 0
e-commerce/backend/internal/services/auth_service.go:189.2,189.16 1 0
e-commerce/backend/internal/services/auth_service.go:189.16,191.3 1 0
e-commerce/backend/internal/services/auth_service.go:193.2,193.45 1 0
e-commerce/backend/internal/services/auth_service.go:197.93,201.16 2 2
e-commerce/backend/internal/services/auth_service.go:201.16,203.3 1 1
e-commerce/backend/internal/services/auth_service.go:205.2,206.16 2 1
e-commerce/backend/internal/services/auth_service.go:206.16,208.3 1 0
e-commerce/backend/internal/services/auth_service.go:210.2,211.16 2 1
e-commerce/backend/internal/services/auth_service.go:211.16,213.3 1 0
e-commerce/backend/internal/services/auth_service.go:215.2,227.16 3 1
e-commerce/backend/internal/services/auth_service.go:227.16,229.3 1 0
e-commerce/backend/internal/services/auth_service.go:231.2,231.45 1 1
e-commerce/backend/internal/services/auth_service.go:234.245,242.2 1 2
e-commerce/backend/internal/services/dashboard_service.go:28.89,32.2 1 0
e-commerce/backend/internal/services/dashboard_service.go:38.107,40.16 2 0
e-commerce/backend/internal/services/dashboard_service.go:40.16,42.3 1 0
e-commerce/backend/internal/services/dashboard_service.go:44.2,45.16 2 0
e-commerce/backend/internal/services/dashboard_service.go:45.16,47.3 1 0
e-commerce/backend/internal/services/dashboard_service.go:49.2,50.16 2 0
e-commerce/backend/internal/services/dashboard_service.go:50.16,52.3 1 0
e-commerce/backend/internal/services/dashboard_service.go:54.2,55.16 2 0
e-commerce/backend/internal/services/dashboard_service.go:55.16,57.3 1 0
e-commerce/backend/internal/services/dashboard_service.go:59.2,60.16 2 0
e-commerce/backend/internal/services/dashboard_service.go:60.16,62.3 1 0
e-commerce/backend/internal/services/dashboard_service.go:64.2,65.16 2 0
e-commerce/backend/internal/services/dashboard_service.go:65.16,67.3 1 0
e-commerce/backend/internal/services/dashboard_service.go:69.2,70.16 2 0
e-commerce/backend/internal/services/dashboard_service.go:70.16,72.3 1 0
e-commerce/backend/internal/services/dashboard_service.go:74.2,76.16 3 0
e-commerce/backend/internal/services/dashboard_service.go:76.16,78.3 1 0
e-commerce/backend/internal/services/dashboard_service.go:80.2,82.16 3 0
e-commerce/backend/internal/services/dashboard_service.go:82.16,84.3 1 0
e-commerce/backend/internal/services/dashboard_service.go:86.2,96.8 1 0
e-commerce/backend/internal/services/dashboard_service.go:99.103,101.16 2 0
e-commerce/backend/internal/services/dashboard_service.go:101.16,103.3 1 0
e-commerce/backend/internal/services/dashboard_service.go:105.2,106.16 2 0
e-commerce/backend/internal/services/dashboard_service.go:106.16,108.3 1 0
e-commerce/backend/internal/services/dashboard_service.go:110.2,111.16 2 0
e-commerce/backend/internal/services/dashboard_service.go:111.16,113.3 1 0
e-commerce/backend/internal/services/dashboard_service.go:115.2,118.16 4 0
e-commerce/backend/internal/services/dashboard_service.go:118.16,120.3 1 0
e-commerce/backend/internal/services/dashboard_service.go:122.2,127.8 1 0
e-commerce/backend/internal/services/dashboard_service.go:130.99,132.16 2 0
e-commerce/backend/internal/services/dashboard_service.go:132.16,134.3 1 0
e-commerce/backend/internal/services/dashboard_service.go:136.2,137.16 2 0
e-commerce/backend/internal/services/dashboard_service.go:137.16,139.3 1 0
e-commerce/backend/internal/services/dashboard_service.go:141.2,142.16 2 0
e-commerce/backend/internal/services/dashboard_service.go:142.16,144.3 1 0
e-commerce/backend/internal/services/dashboard_service.go:146.2,150.8 1 0
e-commerce/backend/internal/services/dashboard_service.go:153.114,155.16 2 0
e-commerce/backend/internal/services/dashboard_service.go:155.16,157.3 1 0
e-commerce/backend/internal/services/dashboard_service.go:159.2,160.31 2 0
e-commerce/backend/internal/services/dashboard_service.go:160.31,162.31 2 0
e-commerce/backend/internal/services/dashboard_service.go:162.31,164.4 1 0
e-commerce/backend/internal/services/dashboard_service.go:166.3,167.35 2 0
e-commerce/backend/internal/services/dashboard_service.go:167.35,169.4 1 0
e-commerce/backend/internal/services/dashboard_service.go:171.3,172.34 2 0
e-commerce/backend/internal/services/dashboard_service.go:172.34,174.4 1 0
e-commerce/backend/internal/services/dashboard_service.go:176.3,185.4 1 0
e-commerce/backend/internal/services/dashboard_service.go:188.2,190.8 1 0
e-commerce/backend/internal/services/dashboard_service.go:193.112,195.16 2 0
e-commerce/backend/internal/services/dashboard_service.go:195.16,197.3 1 0
e-commerce/backend/internal/services/dashboard_service.go:199.2,201.8 1 0
e-commerce/backend/internal/services/dashboard_service.go:204.133,206.16 2 0
e-commerce/backend/internal/services/dashboard_service.go:206.16,208.3 1 0
e-commerce/backend/internal/services/dashboard_service.go:210.2,212.8 1 0
e-commerce/backend/internal/services/dashboard_service.go:215.117,217.16 2 0
e-commerce/backend/internal/services/dashboard_service.go:217.16,219.3 1 0
e-commerce/backend/internal/services/dashboard_service.go:221.2,223.30 3 0
e-commerce/backend/internal/services/dashboard_service.go:223.30,226.3 2 0
e-commerce/backend/internal/services/dashboard_service.go:228.2,229.21 2 0
e-commerce/backend/internal/services/dashboard_service.go:229.21,231.3 1 0
e-commerce/backend/internal/services/dashboard_service.go:233.2,240.8 1 0
e-commerce/backend/internal/services/dashboard_service.go:243.109,245.16 2 0
e-commerce/backend/internal/services/dashboard_service.go:245.16,247.3 1 0
e-commerce/backend/internal/services/dashboard_service.go:249.2,250.27 2 0
e-commerce/backend/internal/services/dashboard_service.go:250.27,252.3 1 0
e-commerce/backend/internal/services/dashboard_service.go:254.2,255.14 2 0
e-commerce/backend/internal/services/dashboard_service.go:255.14,257.3 1 0
e-commerce/backend/internal/services/dashboard_service.go:259.2,265.8 1 0
e-commerce/backend/internal/services/dashboard_service.go:268.103,274.65 2 0
e-commerce/backend/internal/services/dashboard_service.go:274.65,276.3 1 0
e-commerce/backend/internal/services/dashboard_service.go:278.2,279.16 2 0
e-commerce/backend/internal/services/dashboard_service.go:279.16,281.3 1 0
e-commerce/backend/internal/services/dashboard_service.go:283.2,284.16 2 0
e-commerce/backend/internal/services/dashboard_service.go:284.16,286.3 1 0
e-commerce/backend/internal/services/dashboard_service.go:288.2,288.20 1 0
e-commerce/backend/internal/services/dashboard_service.go:291.118,293.16 2 0
e-commerce/backend/internal/services/dashboard_service.go:293.16,295.3 1 0
e-commerce/backend/internal/services/dashboard_service.go:297.2,298.38 2 0
e-commerce/backend/internal/services/dashboard_service.go:298.38,302.35 3 0
e-commerce/backend/internal/services/dashboard_service.go:302.35,304.4 1 0
e-commerce/backend/internal/services/dashboard_service.go:306.3,306.68 1 0
e-commerce/backend/internal/services/dashboard_service.go:306.68,308.4 1 0
e-commerce/backend/internal/services/dashboard_service.go:310.3,319.4 1 0
e-commerce/backend/internal/services/dashboard_service.go:322.2,324.8 1 0
e-commerce/backend/internal/services/order_service.go:22.96,24.16 2 3
e-commerce/backend/internal/services/order_service.go:24.16,26.3 1 0
e-commerce/backend/internal/services/order_service.go:28.2,28.28 1 3
e-commerce/backend/internal/services/order_service.go:28.28,30.3 1 1
e-commerce/backend/internal/services/order_service.go:32.2,32.43 1 2
e-commerce/backend/internal/services/order_service.go:32.43,34.3 1 1
e-commerce/backend/internal/services/order_service.go:36.2,39.16 3 1
e-commerce/backend/internal/services/order_service.go:39.16,41.3 1 0
e-commerce/backend/internal/services/order_service.go:43.2,45.28 2 1
e-commerce/backend/internal/services/order_service.go:49.57,51.16 2 0
e-commerce/backend/internal/services/order_service.go:51.16,53.3 1 0
e-commerce/backend/internal/services/order_service.go:55.2,56.16 2 0
e-commerce/backend/internal/services/order_service.go:56.16,58.3 1 0
e-commerce/backend/internal/services/order_service.go:60.2,60.12 1 0
e-commerce/backend/internal/services/order_service.go:64.105,66.16 2 1
e-commerce/backend/internal/services/order_service.go:66.16,68.3 1 0
e-commerce/backend/internal/services/order_service.go:70.2,72.31 2 1
e-commerce/backend/internal/services/order_service.go:72.31,74.3 1 2
e-commerce/backend/internal/services/order_service.go:76.2,76.28 1 1
e-commerce/backend/internal/services/order_service.go:80.93,82.16 2 0
e-commerce/backend/internal/services/order_service.go:82.16,84.3 1 0
e-commerce/backend/internal/services/order_service.go:86.2,86.28 1 0
e-commerce/backend/internal/services/order_service.go:86.28,88.3 1 0
e-commerce/backend/internal/services/order_service.go:89.2,90.28 2 0
e-commerce/backend/internal/services/order_service.go:94.97,96.16 2 0
e-commerce/backend/internal/services/order_service.go:96.16,98.3 1 0
e-commerce/backend/internal/services/order_service.go:100.2,103.16 3 0
e-commerce/backend/internal/services/order_service.go:103.16,105.3 1 0
e-commerce/backend/internal/services/order_service.go:107.2,109.21 2 0
e-commerce/backend/internal/services/order_service.go:113.49,115.44 2 2
e-commerce/backend/internal/services/order_service.go:115.44,116.28 1 4
e-commerce/backend/internal/services/order_service.go:116.28,118.4 1 1
e-commerce/backend/internal/services/order_service.go:120.2,120.14 1 1
e-commerce/backend/internal/services/order_service.go:123.73,125.2 1 2
e-commerce/backend/internal/services/payement_service.go:24.105,26.31 1 0
e-commerce/backend/internal/services/payement_service.go:26.31,28.3 1 0
e-commerce/backend/internal/services/payement_service.go:30.2,30.29 1 0
e-commerce/backend/internal/services/payement_service.go:30.29,32.3 1 0
e-commerce/backend/internal/services/payement_service.go:34.2,35.16 2 0
e-commerce/backend/internal/services/payement_service.go:35.16,37.3 1 0
e-commerce/backend/internal/services/payement_service.go:39.2,39.50 1 0
e-commerce/backend/internal/services/payement_service.go:39.50,41.3 1 0
e-commerce/backend/internal/services/payement_service.go:43.2,45.16 3 0
e-commerce/backend/internal/services/payement_service.go:45.16,47.3 1 0
e-commerce/backend/internal/services/payement_service.go:48.2,49.20 2 0
e-commerce/backend/internal/services/payement_service.go:53.105,54.19 1 0
e-commerce/backend/internal/services/payement_service.go:54.19,56.3 1 0
e-commerce/backend/internal/services/payement_service.go:58.2,59.16 2 0
e-commerce/backend/internal/services/payement_service.go:59.16,61.3 1 0
e-commerce/backend/internal/services/payement_service.go:63.2,63.44 1 0
e-commerce/backend/internal/services/payement_service.go:63.44,65.3 1 0
e-commerce/backend/internal/services/payement_service.go:67.2,67.89 1 0
e-commerce/backend/internal/services/payement_service.go:67.89,69.3 1 0
e-commerce/backend/internal/services/payement_service.go:70.2,73.16 3 0
e-commerce/backend/internal/services/payement_service.go:73.16,75.3 1 0
e-commerce/backend/internal/services/payement_service.go:76.2,77.20 2 0
e-commerce/backend/internal/services/payement_service.go:81.113,84.16 2 0
e-commerce/backend/internal/services/payement_service.go:84.16,86.3 1 0
e-commerce/backend/internal/services/payement_service.go:87.2,89.35 2 0
e-commerce/backend/internal/services/payement_service.go:89.35,93.3 1 0
e-commerce/backend/internal/services/payement_service.go:94.2,94.30 1 0
e-commerce/backend/internal/services/payement_service.go:98.82,99.13 1 0
e-commerce/backend/internal/services/payement_service.go:99.13,101.3 1 0
e-commerce/backend/internal/services/payement_service.go:104.2,105.16 2 0
e-commerce/backend/internal/services/payement_service.go:105.16,107.3 1 0
e-commerce/backend/internal/services/payement_service.go:110.2,111.16 2 0
e-commerce/backend/internal/services/payement_service.go:111.16,113.3 1 0
e-commerce/backend/internal/services/payement_service.go:115.2,119.20 3 0
e-commerce/backend/internal/services/payement_service.go:123.60,124.13 1 0
e-commerce/backend/internal/services/payement_service.go:124.13,126.3 1 0
e-commerce/backend/internal/services/payement_service.go:128.2,129.16 2 0
e-commerce/backend/internal/services/payement_service.go:129.16,131.3 1 0
e-commerce/backend/internal/services/payement_service.go:133.2,133.68 1 0
e-commerce/backend/internal/services/payement_service.go:133.68,135.3 1 0
e-commerce/backend/internal/services/payement_service.go:138.2,139.16 2 0
e-commerce/backend/internal/services/payement_service.go:139.16,141.3 1 0
e-commerce/backend/internal/services/payement_service.go:143.2,143.12 1 0
e-commerce/backend/internal/services/payement_service.go:147.94,159.13 3 0
e-commerce/backend/internal/services/payement_service.go:159.13,161.3 1 0
e-commerce/backend/internal/services/payement_service.go:164.2,164.42 1 0
e-commerce/backend/internal/services/payement_service.go:164.42,165.27 1 0
e-commerce/backend/internal/services/payement_service.go:165.27,167.4 1 0
e-commerce/backend/internal/services/payement_service.go:170.2,170.88 1 0
e-commerce/backend/internal/services/payement_service.go:173.131,178.2 1 0
e-commerce/backend/internal/services/payment_method_service.go:29.74,30.23 1 0
e-commerce/backend/internal/services/payment_method_service.go:30.23,32.3 1 0
e-commerce/backend/internal/services/payment_method_service.go:33.2,33.25 1 0
e-commerce/backend/internal/services/payment_method_service.go:33.25,35.3 1 0
e-commerce/backend/internal/services/payment_method_service.go:36.2,36.20 1 0
e-commerce/backend/internal/services/payment_method_service.go:36.20,38.3 1 0
e-commerce/backend/internal/services/payment_method_service.go:39.2,39.12 1 0
e-commerce/backend/internal/services/payment_method_service.go:45.158,47.97 1 0
e-commerce/backend/internal/services/payment_method_service.go:47.97,49.3 1 0
e-commerce/backend/internal/services/payment_method_service.go:51.2,51.17 1 0
e-commerce/backend/internal/services/payment_method_service.go:51.17,53.3 1 0
e-commerce/backend/internal/services/payment_method_service.go:56.2,57.16 2 0
e-commerce/backend/internal/services/payment_method_service.go:57.16,59.3 1 0
e-commerce/backend/internal/services/payment_method_service.go:61.2,69.16 3 0
e-commerce/backend/internal/services/payment_method_service.go:69.16,72.3 2 0
e-commerce/backend/internal/services/payment_method_service.go:74.2,74.47 1 0
e-commerce/backend/internal/services/payment_method_service.go:80.158,83.16 2 0
e-commerce/backend/internal/services/payment_method_service.go:83.16,85.3 1 0
e-commerce/backend/internal/services/payment_method_service.go:87.2,91.17 3 0
e-commerce/backend/internal/services/payment_method_service.go:91.17,93.17 2 0
e-commerce/backend/internal/services/payment_method_service.go:93.17,95.4 1 0
e-commerce/backend/internal/services/payment_method_service.go:96.3,96.36 1 0
e-commerce/backend/internal/services/payment_method_service.go:100.2,100.29 1 0
e-commerce/backend/internal/services/payment_method_service.go:100.29,102.3 1 0
e-commerce/backend/internal/services/payment_method_service.go:103.2,103.31 1 0
e-commerce/backend/internal/services/payment_method_service.go:103.31,105.3 1 0
e-commerce/backend/internal/services/payment_method_service.go:106.2,106.26 1 0
e-commerce/backend/internal/services/payment_method_service.go:106.26,108.3 1 0
e-commerce/backend/internal/services/payment_method_service.go:109.2,109.27 1 0
e-commerce/backend/internal/services/payment_method_service.go:109.27,111.3 1 0
e-commerce/backend/internal/services/payment_method_service.go:113.2,114.16 2 0
e-commerce/backend/internal/services/payment_method_service.go:114.16,117.24 1 0
e-commerce/backend/internal/services/payment_method_service.go:117.24,119.4 1 0
e-commerce/backend/internal/services/payment_method_service.go:121.3,121.69 1 0
e-commerce/backend/internal/services/payment_method_service.go:124.2,124.47 1 0
e-commerce/backend/internal/services/payment_method_service.go:130.137,133.16 2 0
e-commerce/backend/internal/services/payment_method_service.go:133.16,135.3 1 0
e-commerce/backend/internal/services/payment_method_service.go:137.2,138.24 2 0
e-commerce/backend/internal/services/payment_method_service.go:138.24,140.3 1 0
e-commerce/backend/internal/services/payment_method_service.go:142.2,142.18 1 0
e-commerce/backend/internal/services/payment_method_service.go:148.95,149.13 1 0
e-commerce/backend/internal/services/payment_method_service.go:149.13,151.3 1 0
e-commerce/backend/internal/services/payment_method_service.go:153.2,154.16 2 0
e-commerce/backend/internal/services/payment_method_service.go:154.16,156.3 1 0
e-commerce/backend/internal/services/payment_method_service.go:158.2,158.46 1 0
e-commerce/backend/internal/services/payment_method_service.go:164.73,165.13 1 0
e-commerce/backend/internal/services/payment_method_service.go:165.13,167.3 1 0
e-commerce/backend/internal/services/payment_method_service.go:169.2,170.16 2 0
e-commerce/backend/internal/services/payment_method_service.go:170.16,172.3 1 0
e-commerce/backend/internal/services/payment_method_service.go:174.2,175.16 2 0
e-commerce/backend/internal/services/payment_method_service.go:175.16,177.3 1 0
e-commerce/backend/internal/services/payment_method_service.go:180.2,182.12 2 0
e-commerce/backend/internal/services/payment_method_service.go:186.92,188.2 1 0
e-commerce/backend/internal/services/product_service.go:31.134,36.16 3 0
e-commerce/backend/internal/services/product_service.go:36.16,38.3 1 0
e-commerce/backend/internal/services/product_service.go:40.2,41.31 2 0
e-commerce/backend/internal/services/product_service.go:41.31,43.3 1 0
e-commerce/backend/internal/services/product_service.go:45.2,47.39 2 0
e-commerce/backend/internal/services/product_service.go:47.39,48.26 1 0
e-commerce/backend/internal/services/product_service.go:48.26,50.15 2 0
e-commerce/backend/internal/services/product_service.go:50.15,52.5 1 0
e-commerce/backend/internal/services/product_service.go:54.4,54.29 1 0
e-commerce/backend/internal/services/product_service.go:54.29,56.5 1 0
e-commerce/backend/internal/services/product_service.go:57.4,57.30 1 0
e-commerce/backend/internal/services/product_service.go:57.30,59.5 1 0
e-commerce/backend/internal/services/product_service.go:61.4,62.18 2 0
e-commerce/backend/internal/services/product_service.go:62.18,64.5 1 0
e-commerce/backend/internal/services/product_service.go:66.4,66.40 1 0
e-commerce/backend/internal/services/product_service.go:68.9,69.55 1 0
e-commerce/backend/internal/services/product_service.go:69.55,71.5 1 0
e-commerce/backend/internal/services/product_service.go:73.4,80.18 3 0
e-commerce/backend/internal/services/product_service.go:80.18,82.5 1 0
e-commerce/backend/internal/services/product_service.go:84.4,84.41 1 0
e-commerce/backend/internal/services/product_service.go:88.2,88.34 1 0
e-commerce/backend/internal/services/product_service.go:88.34,89.26 1 0
e-commerce/backend/internal/services/product_service.go:89.26,90.65 1 0
e-commerce/backend/internal/services/product_service.go:90.65,92.5 1 0
e-commerce/backend/internal/services/product_service.go:96.2,96.12 1 0
e-commerce/backend/internal/services/product_service.go:99.43,103.2 3 0
e-commerce/backend/internal/services/product_service.go:104.147,108.57 3 0
e-commerce/backend/internal/services/product_service.go:108.57,111.17 2 0
e-commerce/backend/internal/services/product_service.go:111.17,112.37 1 0
e-commerce/backend/internal/services/product_service.go:112.37,114.5 1 0
e-commerce/backend/internal/services/product_service.go:115.4,115.55 1 0
e-commerce/backend/internal/services/product_service.go:117.3,120.17 3 0
e-commerce/backend/internal/services/product_service.go:120.17,121.37 1 0
e-commerce/backend/internal/services/product_service.go:121.37,123.5 1 0
e-commerce/backend/internal/services/product_service.go:124.4,124.58 1 0
e-commerce/backend/internal/services/product_service.go:126.3,128.43 2 0
e-commerce/backend/internal/services/product_service.go:128.43,129.46 1 0
e-commerce/backend/internal/services/product_service.go:129.46,131.5 1 0
e-commerce/backend/internal/services/product_service.go:133.3,133.25 1 0
e-commerce/backend/internal/services/product_service.go:133.25,135.4 1 0
e-commerce/backend/internal/services/product_service.go:137.3,137.28 1 0
e-commerce/backend/internal/services/product_service.go:137.28,139.4 1 0
e-commerce/backend/internal/services/product_service.go:141.3,142.34 2 0
e-commerce/backend/internal/services/product_service.go:142.34,143.41 1 0
e-commerce/backend/internal/services/product_service.go:143.41,145.5 1 0
e-commerce/backend/internal/services/product_service.go:146.4,146.44 1 0
e-commerce/backend/internal/services/product_service.go:149.3,151.17 3 0
e-commerce/backend/internal/services/product_service.go:151.17,153.4 1 0
e-commerce/backend/internal/services/product_service.go:155.3,163.17 3 0
e-commerce/backend/internal/services/product_service.go:163.17,165.4 1 0
e-commerce/backend/internal/services/product_service.go:167.3,167.41 1 0
e-commerce/backend/internal/services/product_service.go:167.41,175.18 3 0
e-commerce/backend/internal/services/product_service.go:175.18,177.5 1 0
e-commerce/backend/internal/services/product_service.go:180.3,180.13 1 0
e-commerce/backend/internal/services/product_service.go:183.2,183.16 1 0
e-commerce/backend/internal/services/product_service.go:183.16,185.3 1 0
e-commerce/backend/internal/services/product_service.go:187.2,188.16 2 0
e-commerce/backend/internal/services/product_service.go:188.16,190.3 1 0
e-commerce/backend/internal/services/product_service.go:192.2,193.21 2 0
e-commerce/backend/internal/services/product_service.go:197.116,202.57 4 0
e-commerce/backend/internal/services/product_service.go:202.57,206.17 2 0
e-commerce/backend/internal/services/product_service.go:206.17,207.37 1 0
e-commerce/backend/internal/services/product_service.go:207.37,209.5 1 0
e-commerce/backend/internal/services/product_service.go:210.4,210.57 1 0
e-commerce/backend/internal/services/product_service.go:212.3,215.25 3 0
e-commerce/backend/internal/services/product_service.go:215.25,218.18 3 0
e-commerce/backend/internal/services/product_service.go:218.18,220.5 1 0
e-commerce/backend/internal/services/product_service.go:224.3,233.17 3 0
e-commerce/backend/internal/services/product_service.go:233.17,235.4 1 0
e-commerce/backend/internal/services/product_service.go:238.3,238.39 1 0
e-commerce/backend/internal/services/product_service.go:238.39,242.18 3 0
e-commerce/backend/internal/services/product_service.go:242.18,244.5 1 0
e-commerce/backend/internal/services/product_service.go:246.4,254.18 3 0
e-commerce/backend/internal/services/product_service.go:254.18,256.5 1 0
e-commerce/backend/internal/services/product_service.go:259.4,259.30 1 0
e-commerce/backend/internal/services/product_service.go:259.30,267.19 3 0
e-commerce/backend/internal/services/product_service.go:267.19,269.6 1 0
e-commerce/backend/internal/services/product_service.go:272.4,272.55 1 0
e-commerce/backend/internal/services/product_service.go:275.3,275.13 1 0
e-commerce/backend/internal/services/product_service.go:278.2,278.16 1 0
e-commerce/backend/internal/services/product_service.go:278.16,280.3 1 0
e-commerce/backend/internal/services/product_service.go:282.2,284.21 3 0
e-commerce/backend/internal/services/product_service.go:288.60,291.57 2 0
e-commerce/backend/internal/services/product_service.go:291.57,293.17 2 0
e-commerce/backend/internal/services/product_service.go:293.17,294.37 1 0
e-commerce/backend/internal/services/product_service.go:294.37,296.5 1 0
e-commerce/backend/internal/services/product_service.go:297.4,297.54 1 0
e-commerce/backend/internal/services/product_service.go:300.3,300.27 1 0
e-commerce/backend/internal/services/product_service.go:300.27,302.4 1 0
e-commerce/backend/internal/services/product_service.go:303.3,303.43 1 0
e-commerce/backend/internal/services/product_service.go:303.43,304.23 1 0
e-commerce/backend/internal/services/product_service.go:304.23,306.5 1 0
e-commerce/backend/internal/services/product_service.go:309.3,309.61 1 0
e-commerce/backend/internal/services/product_service.go:309.61,311.4 1 0
e-commerce/backend/internal/services/product_service.go:313.3,313.13 1 0
e-commerce/backend/internal/services/product_service.go:316.2,316.16 1 0
e-commerce/backend/internal/services/product_service.go:316.16,318.3 1 0
e-commerce/backend/internal/services/product_service.go:320.2,320.24 1 0
e-commerce/backend/internal/services/product_service.go:320.24,321.13 1 0
e-commerce/backend/internal/services/product_service.go:321.13,322.70 1 0
e-commerce/backend/internal/services/product_service.go:322.70,324.5 1 0
e-commerce/backend/internal/services/product_service.go:328.2,328.12 1 0
e-commerce/backend/internal/services/product_service.go:332.113,335.16 2 0
e-commerce/backend/internal/services/product_service.go:335.16,337.3 1 0
e-commerce/backend/internal/services/product_service.go:339.2,341.35 3 0
e-commerce/backend/internal/services/product_service.go:341.35,342.41 1 0
e-commerce/backend/internal/services/product_service.go:342.41,345.4 2 0
e-commerce/backend/internal/services/product_service.go:348.2,349.16 2 0
e-commerce/backend/internal/services/product_service.go:349.16,351.3 1 0
e-commerce/backend/internal/services/product_service.go:353.2,357.23 3 0
e-commerce/backend/internal/services/product_service.go:361.95,363.16 2 1
e-commerce/backend/internal/services/product_service.go:363.16,364.36 1 0
e-commerce/backend/internal/services/product_service.go:364.36,366.4 1 0
e-commerce/backend/internal/services/product_service.go:367.3,367.60 1 0
e-commerce/backend/internal/services/product_service.go:370.2,371.16 2 1
e-commerce/backend/internal/services/product_service.go:371.16,373.3 1 0
e-commerce/backend/internal/services/product_service.go:375.2,376.19 2 1
e-commerce/backend/internal/services/product_service.go:380.116,384.57 3 0
e-commerce/backend/internal/services/product_service.go:384.57,387.17 2 0
e-commerce/backend/internal/services/product_service.go:387.17,388.37 1 0
e-commerce/backend/internal/services/product_service.go:388.37,390.5 1 0
e-commerce/backend/internal/services/product_service.go:391.4,391.51 1 0
e-commerce/backend/internal/services/product_service.go:393.3,396.30 2 0
e-commerce/backend/internal/services/product_service.go:396.30,398.18 2 0
e-commerce/backend/internal/services/product_service.go:398.18,399.38 1 0
e-commerce/backend/internal/services/product_service.go:399.38,401.6 1 0
e-commerce/backend/internal/services/product_service.go:402.5,402.58 1 0
e-commerce/backend/internal/services/product_service.go:404.4,405.42 2 0
e-commerce/backend/internal/services/product_service.go:406.9,408.18 2 0
e-commerce/backend/internal/services/product_service.go:408.18,410.5 1 0
e-commerce/backend/internal/services/product_service.go:411.4,411.21 1 0
e-commerce/backend/internal/services/product_service.go:415.3,415.55 1 0
e-commerce/backend/internal/services/product_service.go:415.55,417.51 2 0
e-commerce/backend/internal/services/product_service.go:417.51,419.5 1 0
e-commerce/backend/internal/services/product_service.go:420.4,420.18 1 0
e-commerce/backend/internal/services/product_service.go:420.18,422.5 1 0
e-commerce/backend/internal/services/product_service.go:423.4,423.30 1 0
e-commerce/backend/internal/services/product_service.go:427.3,427.31 1 0
e-commerce/backend/internal/services/product_service.go:427.31,429.4 1 0
e-commerce/backend/internal/services/product_service.go:430.3,430.25 1 0
e-commerce/backend/internal/services/product_service.go:430.25,432.4 1 0
[...]
e-commerce/backend/internal/services/rbac_service.go:61.79,63.16 2 0
e-commerce/backend/internal/services/rbac_service.go:63.16,65.3 1 0
e-commerce/backend/internal/services/rbac_service.go:67.2,70.40 3 0
e-commerce/backend/internal/services/rbac_service.go:73.74,75.2 1 0
e-commerce/backend/internal/services/rbac_service.go:84.17,87.16 2 0
e-commerce/backend/internal/services/rbac_service.go:87.16,89.3 1 0
e-commerce/backend/internal/services/rbac_service.go:91.2,92.16 2 0
e-commerce/backend/internal/services/rbac_service.go:92.16,94.3 1 0
e-commerce/backend/internal/services/rbac_service.go:96.2,97.48 1 0
e-commerce/backend/internal/services/rbac_service.go:104.70,112.42 2 0
e-commerce/backend/internal/services/rbac_service.go:112.42,114.3 1 0
e-commerce/backend/internal/services/rbac_service.go:115.2,115.10 1 0
e-commerce/backend/internal/services/role_service.go:29.86,31.16 2 0
e-commerce/backend/internal/services/role_service.go:31.16,32.45 1 0
e-commerce/backend/internal/services/role_service.go:32.45,34.4 1 0
e-commerce/backend/internal/services/role_service.go:35.3,35.13 1 0
e-commerce/backend/internal/services/role_service.go:38.2,39.16 2 0
e-commerce/backend/internal/services/role_service.go:39.16,41.3 1 0
e-commerce/backend/internal/services/role_service.go:43.2,43.45 1 0
e-commerce/backend/internal/services/role_service.go:43.45,45.3 1 0
e-commerce/backend/internal/services/role_service.go:46.2,47.16 2 0
e-commerce/backend/internal/services/role_service.go:47.16,49.3 1 0
e-commerce/backend/internal/services/role_service.go:51.2,51.12 1 0
e-commerce/backend/internal/services/role_service.go:55.83,57.16 2 0
e-commerce/backend/internal/services/role_service.go:57.16,59.3 1 0
e-commerce/backend/internal/services/role_service.go:61.2,67.16 3 0
e-commerce/backend/internal/services/role_service.go:67.16,69.3 1 0
e-commerce/backend/internal/services/role_service.go:71.2,71.32 1 0
e-commerce/backend/internal/services/role_service.go:71.32,73.17 2 0
e-commerce/backend/internal/services/role_service.go:73.17,75.4 1 0
e-commerce/backend/internal/services/role_service.go:76.3,77.17 2 0
e-commerce/backend/internal/services/role_service.go:77.17,79.4 1 0
e-commerce/backend/internal/services/role_service.go:82.2,83.16 2 0
e-commerce/backend/internal/services/role_service.go:83.16,85.3 1 0
e-commerce/backend/internal/services/role_service.go:87.2,87.23 1 0
e-commerce/backend/internal/services/role_service.go:91.53,94.16 2 0
e-commerce/backend/internal/services/role_service.go:94.16,95.45 1 0
e-commerce/backend/internal/services/role_service.go:95.45,97.4 1 0
e-commerce/backend/internal/services/role_service.go:98.3,98.13 1 0
e-commerce/backend/internal/services/role_service.go:101.2,101.23 1 0
e-commerce/backend/internal/services/role_service.go:101.23,103.3 1 0
e-commerce/backend/internal/services/role_service.go:105.2,106.107 2 0
e-commerce/backend/internal/services/role_service.go:106.107,108.3 1 0
e-commerce/backend/internal/services/role_service.go:110.2,110.19 1 0
e-commerce/backend/internal/services/role_service.go:110.19,112.3 1 0
e-commerce/backend/internal/services/role_service.go:114.2,114.84 1 0
e-commerce/backend/internal/services/role_service.go:114.84,116.3 1 0
e-commerce/backend/internal/services/role_service.go:118.2,118.32 1 0
e-commerce/backend/internal/services/role_service.go:122.65,124.16 2 0
e-commerce/backend/internal/services/role_service.go:124.16,126.3 1 0
e-commerce/backend/internal/services/role_service.go:127.2,127.20 1 0
e-commerce/backend/internal/services/role_service.go:131.67,133.16 2 0
e-commerce/backend/internal/services/role_service.go:133.16,134.45 1 0
e-commerce/backend/internal/services/role_service.go:134.45,136.4 1 0
e-commerce/backend/internal/services/role_service.go:137.3,137.18 1 0
e-commerce/backend/internal/services/role_service.go:139.2,139.19 1 0
e-commerce/backend/internal/services/role_service.go:144.74,146.16 2 0
e-commerce/backend/internal/services/role_service.go:146.16,148.3 1 0
e-commerce/backend/internal/services/role_service.go:149.2,149.26 1 0
e-commerce/backend/internal/services/role_service.go:153.89,155.16 2 0
e-commerce/backend/internal/services/role_service.go:155.16,156.45 1 0
e-commerce/backend/internal/services/role_service.go:156.45,158.4 1 0
e-commerce/backend/internal/services/role_service.go:159.3,159.18 1 0
e-commerce/backend/internal/services/role_service.go:163.2,163.30 1 0
e-commerce/backend/internal/services/role_service.go:167.92,171.16 2 0
e-commerce/backend/internal/services/role_service.go:171.16,172.45 1 0
e-commerce/backend/internal/services/role_service.go:172.45,174.4 1 0
e-commerce/backend/internal/services/role_service.go:175.3,175.18 1 0
e-commerce/backend/internal/services/role_service.go:178.2,178.45 1 0
e-commerce/backend/internal/services/role_service.go:178.45,179.24 1 0
e-commerce/backend/internal/services/role_service.go:179.24,181.4 1 0
e-commerce/backend/internal/services/role_service.go:183.3,184.17 2 0
e-commerce/backend/internal/services/role_service.go:184.17,186.4 1 0
e-commerce/backend/internal/services/role_service.go:187.3,187.23 1 0
e-commerce/backend/internal/services/role_service.go:190.2,190.27 1 0
e-commerce/backend/internal/services/role_service.go:190.27,192.3 1 0
e-commerce/backend/internal/services/role_service.go:194.2,194.54 1 0
e-commerce/backend/internal/services/role_service.go:194.54,196.3 1 0
e-commerce/backend/internal/services/role_service.go:198.2,198.32 1 0
e-commerce/backend/internal/services/role_service.go:198.32,201.17 2 0
e-commerce/backend/internal/services/role_service.go:201.17,203.4 1 0
e-commerce/backend/internal/services/role_service.go:204.3,205.17 2 0
e-commerce/backend/internal/services/role_service.go:205.17,207.4 1 0
e-commerce/backend/internal/services/role_service.go:210.2,212.16 2 0
e-commerce/backend/internal/services/role_service.go:212.16,214.3 1 0
e-commerce/backend/internal/services/role_service.go:216.2,216.22 1 0
e-commerce/backend/internal/services/role_service.go:221.15,224.2 1 0
e-commerce/backend/internal/services/shipping_service.go:22.85,26.2 1 0
e-commerce/backend/internal/services/shipping_service.go:29.64,30.16 1 0
e-commerce/backend/internal/services/shipping_service.go:30.16,32.3 1 0
e-commerce/backend/internal/services/shipping_service.go:33.2,33.17 1 0
e-commerce/backend/internal/services/shipping_service.go:33.17,35.3 1 0
e-commerce/backend/internal/services/shipping_service.go:36.2,36.15 1 0
e-commerce/backend/internal/services/shipping_service.go:36.15,38.3 1 0
e-commerce/backend/internal/services/shipping_service.go:39.2,39.12 1 0
e-commerce/backend/internal/services/shipping_service.go:44.109,45.79 1 0
e-commerce/backend/internal/services/shipping_service.go:45.79,47.3 1 0
e-commerce/backend/internal/services/shipping_service.go:49.2,56.16 3 0
e-commerce/backend/internal/services/shipping_service.go:56.16,58.3 1 0
e-commerce/backend/internal/services/shipping_service.go:60.2,60.42 1 0
e-commerce/backend/internal/services/shipping_service.go:63.109,64.19 1 0
e-commerce/backend/internal/services/shipping_service.go:64.19,66.3 1 0
e-commerce/backend/internal/services/shipping_service.go:68.2,69.16 2 0
e-commerce/backend/internal/services/shipping_service.go:69.16,71.3 1 0
e-commerce/backend/internal/services/shipping_service.go:73.2,73.79 1 0
e-commerce/backend/internal/services/shipping_service.go:73.79,75.3 1 0
e-commerce/backend/internal/services/shipping_service.go:77.2,82.16 5 0
e-commerce/backend/internal/services/shipping_service.go:82.16,84.3 1 0
e-commerce/backend/internal/services/shipping_service.go:86.2,86.42 1 0
e-commerce/backend/internal/services/shipping_service.go:89.116,91.16 2 0
e-commerce/backend/internal/services/shipping_service.go:91.16,93.3 1 0
e-commerce/backend/internal/services/shipping_service.go:95.2,96.30 2 0
e-commerce/backend/internal/services/shipping_service.go:96.30,98.3 1 0
e-commerce/backend/internal/services/shipping_service.go:100.2,100.21 1 0
e-commerce/backend/internal/services/shipping_service.go:103.84,104.13 1 0
e-commerce/backend/internal/services/shipping_service.go:104.13,106.3 1 0
e-commerce/backend/internal/services/shipping_service.go:108.2,109.16 2 0
e-commerce/backend/internal/services/shipping_service.go:109.16,111.3 1 0
e-commerce/backend/internal/services/shipping_service.go:113.2,113.43 1 0
e-commerce/backend/internal/services/shipping_service.go:116.62,117.13 1 0
e-commerce/backend/internal/services/shipping_service.go:117.13,119.3 1 0
e-commerce/backend/internal/services/shipping_service.go:121.2,122.16 2 0
e-commerce/backend/internal/services/shipping_service.go:122.16,124.3 1 0
e-commerce/backend/internal/services/shipping_service.go:126.2,126.57 1 0
e-commerce/backend/internal/services/shipping_service.go:126.57,128.3 1 0
e-commerce/backend/internal/services/shipping_service.go:130.2,130.12 1 0
e-commerce/backend/internal/services/transaction_service.go:32.142,45.20 5 0
e-commerce/backend/internal/services/transaction_service.go:45.20,47.17 2 0
e-commerce/backend/internal/services/transaction_service.go:47.17,49.4 1 0
e-commerce/backend/internal/services/transaction_service.go:50.3,51.13 2 0
e-commerce/backend/internal/services/transaction_service.go:54.2,54.20 1 0
e-commerce/backend/internal/services/transaction_service.go:54.20,56.17 2 0
e-commerce/backend/internal/services/transaction_service.go:56.17,58.4 1 0
e-commerce/backend/internal/services/transaction_service.go:59.3,60.13 2 0
e-commerce/backend/internal/services/transaction_service.go:63.2,63.20 1 0
e-commerce/backend/internal/services/transaction_service.go:63.20,65.17 2 0
e-commerce/backend/internal/services/transaction_service.go:65.17,67.4 1 0
e-commerce/backend/internal/services/transaction_service.go:68.3,69.13 2 0
e-commerce/backend/internal/services/transaction_service.go:72.2,72.33 1 0
e-commerce/backend/internal/services/transaction_service.go:72.33,74.3 1 0
e-commerce/backend/internal/services/transaction_service.go:76.2,77.21 2 0
e-commerce/backend/internal/services/transaction_service.go:77.21,79.3 1 0
e-commerce/backend/internal/services/transaction_service.go:81.2,82.15 2 0
e-commerce/backend/internal/services/transaction_service.go:82.15,83.17 1 0
e-commerce/backend/internal/services/transaction_service.go:83.17,85.4 1 0
e-commerce/backend/internal/services/transaction_service.go:88.2,98.16 3 0
e-commerce/backend/internal/services/transaction_service.go:98.16,100.3 1 0
e-commerce/backend/internal/services/transaction_service.go:102.2,105.43 3 0
e-commerce/backend/internal/services/transaction_service.go:105.43,106.36 1 0
e-commerce/backend/internal/services/transaction_service.go:106.36,108.4 1 0
e-commerce/backend/internal/services/transaction_service.go:110.3,111.17 2 0
e-commerce/backend/internal/services/transaction_service.go:111.17,113.4 1 0
e-commerce/backend/internal/services/transaction_service.go:115.3,116.17 2 0
e-commerce/backend/internal/services/transaction_service.go:116.17,118.4 1 0
e-commerce/backend/internal/services/transaction_service.go:120.3,121.17 2 0
e-commerce/backend/internal/services/transaction_service.go:121.17,123.4 1 0
e-commerce/backend/internal/services/transaction_service.go:125.3,125.38 1 0
e-commerce/backend/internal/services/transaction_service.go:125.38,127.4 1 0
e-commerce/backend/internal/services/transaction_service.go:129.3,145.17 5 0
e-commerce/backend/internal/services/transaction_service.go:145.17,147.4 1 0
e-commerce/backend/internal/services/transaction_service.go:149.3,150.77 2 0
e-commerce/backend/internal/services/transaction_service.go:150.77,152.4 1 0
e-commerce/backend/internal/services/transaction_service.go:154.3,155.57 2 0
e-commerce/backend/internal/services/transaction_service.go:158.2,160.16 3 0
e-commerce/backend/internal/services/transaction_service.go:160.16,162.3 1 0
e-commerce/backend/internal/services/transaction_service.go:164.2,164.42 1 0
e-commerce/backend/internal/services/transaction_service.go:164.42,166.3 1 0
e-commerce/backend/internal/services/transaction_service.go:167.2,182.22 3 0
e-commerce/backend/internal/services/transaction_service.go:186.129,189.16 2 0
e-commerce/backend/internal/services/transaction_service.go:189.16,191.3 1 0
e-commerce/backend/internal/services/transaction_service.go:193.2,194.43 2 0
e-commerce/backend/internal/services/transaction_service.go:194.43,206.3 2 0
e-commerce/backend/internal/services/transaction_service.go:208.2,208.24 1 0
e-commerce/backend/internal/services/transaction_service.go:212.104,214.16 2 0
e-commerce/backend/internal/services/transaction_service.go:214.16,216.3 1 0
e-commerce/backend/internal/services/transaction_service.go:218.2,219.39 2 0
e-commerce/backend/internal/services/transaction_service.go:219.39,221.3 1 0
e-commerce/backend/internal/services/transaction_service.go:222.2,235.22 2 0
e-commerce/backend/internal/services/transaction_service.go:239.121,241.21 2 0
e-commerce/backend/internal/services/transaction_service.go:241.21,243.3 1 0
e-commerce/backend/internal/services/transaction_service.go:245.2,245.15 1 0
e-commerce/backend/internal/services/transaction_service.go:245.15,246.31 1 0
e-commerce/backend/internal/services/transaction_service.go:246.31,248.4 1 0
e-commerce/backend/internal/services/transaction_service.go:251.2,252.16 2 0
e-commerce/backend/internal/services/transaction_service.go:252.16,255.3 2 0
e-commerce/backend/internal/services/transaction_service.go:257.2,257.70 1 0
e-commerce/backend/internal/services/transaction_service.go:257.70,260.3 2 0
e-commerce/backend/internal/services/transaction_service.go:262.2,265.16 3 0
e-commerce/backend/internal/services/transaction_service.go:265.16,268.3 2 0
e-commerce/backend/internal/services/transaction_service.go:270.2,271.46 2 0
e-commerce/backend/internal/services/transaction_service.go:271.46,273.3 1 0
e-commerce/backend/internal/services/transaction_service.go:275.2,275.42 1 0
e-commerce/backend/internal/services/transaction_service.go:275.42,277.3 1 0
e-commerce/backend/internal/services/transaction_service.go:279.2,292.22 2 0
e-commerce/backend/internal/services/transaction_service.go:300.63,309.2 1 0
e-commerce/backend/internal/services/user_service.go:37.71,39.16 2 1
e-commerce/backend/internal/services/user_service.go:39.16,40.45 1 0
e-commerce/backend/internal/services/user_service.go:40.45,42.4 1 0
e-commerce/backend/internal/services/user_service.go:43.3,43.18 1 0
e-commerce/backend/internal/services/user_service.go:46.2,48.16 3 1
e-commerce/backend/internal/services/user_service.go:48.16,50.3 1 0
e-commerce/backend/internal/services/user_service.go:52.2,52.26 1 1
e-commerce/backend/internal/services/user_service.go:56.73,57.27 1 0
e-commerce/backend/internal/services/user_service.go:57.27,59.3 1 0
e-commerce/backend/internal/services/user_service.go:61.2,61.20 1 0
e-commerce/backend/internal/services/user_service.go:62.18,63.105 1 0
e-commerce/backend/internal/services/user_service.go:64.20,65.106 1 0
e-commerce/backend/internal/services/user_service.go:66.16,67.80 1 0
e-commerce/backend/internal/services/user_service.go:68.10,69.38 1 0
e-commerce/backend/internal/services/user_service.go:73.83,76.16 2 3
e-commerce/backend/internal/services/user_service.go:76.16,78.3 1 1
e-commerce/backend/internal/services/user_service.go:80.2,81.16 2 2
e-commerce/backend/internal/services/user_service.go:81.16,83.3 1 1
e-commerce/backend/internal/services/user_service.go:85.2,86.16 2 1
e-commerce/backend/internal/services/user_service.go:86.16,88.3 1 0
e-commerce/backend/internal/services/user_service.go:90.2,101.16 3 1
e-commerce/backend/internal/services/user_service.go:101.16,103.3 1 0
e-commerce/backend/internal/services/user_service.go:105.2,105.25 1 1
e-commerce/backend/internal/services/user_service.go:109.73,111.16 2 1
e-commerce/backend/internal/services/user_service.go:111.16,112.45 1 0
e-commerce/backend/internal/services/user_service.go:112.45,114.4 1 0
e-commerce/backend/internal/services/user_service.go:115.3,115.18 1 0
e-commerce/backend/internal/services/user_service.go:118.2,120.16 3 1
e-commerce/backend/internal/services/user_service.go:120.16,122.3 1 0
e-commerce/backend/internal/services/user_service.go:124.2,124.26 1 1
e-commerce/backend/internal/services/user_service.go:128.53,130.16 2 2
e-commerce/backend/internal/services/user_service.go:130.16,131.45 1 1
e-commerce/backend/internal/services/user_service.go:131.45,133.4 1 1
e-commerce/backend/internal/services/user_service.go:134.3,134.13 1 0
e-commerce/backend/internal/services/user_service.go:137.2,137.32 1 1
e-commerce/backend/internal/services/user_service.go:141.124,143.16 2 0
e-commerce/backend/internal/services/user_service.go:143.16,145.3 1 0
e-commerce/backend/internal/services/user_service.go:146.2,146.26 1 0
e-commerce/backend/internal/services/user_service.go:150.70,153.16 2 3
e-commerce/backend/internal/services/user_service.go:153.16,154.45 1 2
e-commerce/backend/internal/services/user_service.go:154.45,156.4 1 1
e-commerce/backend/internal/services/user_service.go:157.3,157.18 1 1
e-commerce/backend/internal/services/user_service.go:159.2,159.19 1 1
e-commerce/backend/internal/services/user_service.go:163.98,166.16 2 1
e-commerce/backend/internal/services/user_service.go:166.16,168.3 1 0
e-commerce/backend/internal/services/user_service.go:169.2,169.19 1 1
e-commerce/backend/internal/services/user_service.go:174.94,177.16 2 0
e-commerce/backend/internal/services/user_service.go:177.16,178.45 1 0
e-commerce/backend/internal/services/user_service.go:178.45,180.4 1 0
e-commerce/backend/internal/services/user_service.go:181.3,181.13 1 0
e-commerce/backend/internal/services/user_service.go:183.2,183.70 1 0
e-commerce/backend/internal/services/user_service.go:183.70,185.3 1 0
e-commerce/backend/internal/services/user_service.go:187.2,188.16 2 0
e-commerce/backend/internal/services/user_service.go:188.16,190.3 1 0
e-commerce/backend/internal/services/user_service.go:191.2,193.16 3 0
e-commerce/backend/internal/services/user_service.go:193.16,195.3 1 0
e-commerce/backend/internal/services/user_service.go:197.2,197.12 1 0
e-commerce/backend/internal/services/user_service.go:201.98,204.16 2 2
e-commerce/backend/internal/services/user_service.go:204.16,205.45 1 1
e-commerce/backend/internal/services/user_service.go:205.45,207.4 1 1
e-commerce/backend/internal/services/user_service.go:208.3,208.18 1 0
e-commerce/backend/internal/services/user_service.go:211.2,211.48 1 1
e-commerce/backend/internal/services/user_service.go:211.48,213.110 2 0
e-commerce/backend/internal/services/user_service.go:213.110,215.4 1 0
e-commerce/backend/internal/services/user_service.go:216.3,216.25 1 0
e-commerce/backend/internal/services/user_service.go:219.2,219.57 1 1
e-commerce/backend/internal/services/user_service.go:219.57,221.116 2 0
e-commerce/backend/internal/services/user_service.go:221.116,223.4 1 0
e-commerce/backend/internal/services/user_service.go:224.3,224.31 1 0
e-commerce/backend/internal/services/user_service.go:227.2,227.25 1 1
e-commerce/backend/internal/services/user_service.go:227.25,229.3 1 1
e-commerce/backend/internal/services/user_service.go:230.2,230.24 1 1
e-commerce/backend/internal/services/user_service.go:230.24,232.3 1 1
e-commerce/backend/internal/services/user_service.go:233.2,233.21 1 1
e-commerce/backend/internal/services/user_service.go:233.21,235.17 2 0
e-commerce/backend/internal/services/user_service.go:235.17,237.4 1 0
e-commerce/backend/internal/services/user_service.go:238.3,238.27 1 0
e-commerce/backend/internal/services/user_service.go:240.2,240.25 1 1
e-commerce/backend/internal/services/user_service.go:240.25,242.3 1 0
e-commerce/backend/internal/services/user_service.go:243.2,244.16 2 1
e-commerce/backend/internal/services/user_service.go:244.16,246.3 1 0
e-commerce/backend/internal/services/user_service.go:248.2,248.26 1 1
e-commerce/backend/internal/services/user_service.go:252.100,256.2 1 7
